Analysis & Synthesis report for Decoder
Sun May 15 20:24:39 2016
Quartus Prime Version 15.1.0 Build 185 10/21/2015 SJ Lite Edition


---------------------
; Table of Contents ;
---------------------
  1. Legal Notice
  2. Analysis & Synthesis Summary
  3. Analysis & Synthesis Settings
  4. Parallel Compilation
  5. Analysis & Synthesis Source Files Read
  6. Analysis & Synthesis Resource Usage Summary
  7. Analysis & Synthesis Resource Utilization by Entity
  8. User-Specified and Inferred Latches
  9. General Register Statistics
 10. Multiplexer Restructuring Statistics (Restructuring Performed)
 11. Post-Synthesis Netlist Statistics for Top Partition
 12. Elapsed Time Per Partition
 13. Analysis & Synthesis Messages



----------------
; Legal Notice ;
----------------
Copyright (C) 1991-2015 Altera Corporation. All rights reserved.
Your use of Altera Corporation's design tools, logic functions 
and other software and tools, and its AMPP partner logic 
functions, and any output files from any of the foregoing 
(including device programming or simulation files), and any 
associated documentation or information are expressly subject 
to the terms and conditions of the Altera Program License 
Subscription Agreement, the Altera Quartus Prime License Agreement,
the Altera MegaCore Function License Agreement, or other 
applicable license agreement, including, without limitation, 
that your use is for the sole purpose of programming logic 
devices manufactured by Altera and sold by Altera or its 
authorized distributors.  Please refer to the applicable 
agreement for further details.



+----------------------------------------------------------------------------------+
; Analysis & Synthesis Summary                                                     ;
+------------------------------------+---------------------------------------------+
; Analysis & Synthesis Status        ; Successful - Sun May 15 20:24:39 2016       ;
; Quartus Prime Version              ; 15.1.0 Build 185 10/21/2015 SJ Lite Edition ;
; Revision Name                      ; Decoder                                     ;
; Top-level Entity Name              ; RSSyndromeCalc                              ;
; Family                             ; Cyclone IV E                                ;
; Total logic elements               ; 56                                          ;
;     Total combinational functions  ; 56                                          ;
;     Dedicated logic registers      ; 16                                          ;
; Total registers                    ; 16                                          ;
; Total pins                         ; 22                                          ;
; Total virtual pins                 ; 0                                           ;
; Total memory bits                  ; 0                                           ;
; Embedded Multiplier 9-bit elements ; 0                                           ;
; Total PLLs                         ; 0                                           ;
+------------------------------------+---------------------------------------------+


+----------------------------------------------------------------------------------------------------------------------+
; Analysis & Synthesis Settings                                                                                        ;
+----------------------------------------------------------------------------+--------------------+--------------------+
; Option                                                                     ; Setting            ; Default Value      ;
+----------------------------------------------------------------------------+--------------------+--------------------+
; Device                                                                     ; EP4CE40F23I7       ;                    ;
; Top-level entity name                                                      ; RSSyndromeCalc     ; Decoder            ;
; Family name                                                                ; Cyclone IV E       ; Cyclone V          ;
; Use smart compilation                                                      ; Off                ; Off                ;
; Enable parallel Assembler and TimeQuest Timing Analyzer during compilation ; On                 ; On                 ;
; Enable compact report table                                                ; Off                ; Off                ;
; Restructure Multiplexers                                                   ; Auto               ; Auto               ;
; Create Debugging Nodes for IP Cores                                        ; Off                ; Off                ;
; Preserve fewer node names                                                  ; On                 ; On                 ;
; Disable OpenCore Plus hardware evaluation                                  ; Off                ; Off                ;
; Verilog Version                                                            ; Verilog_2001       ; Verilog_2001       ;
; VHDL Version                                                               ; VHDL_1993          ; VHDL_1993          ;
; State Machine Processing                                                   ; Auto               ; Auto               ;
; Safe State Machine                                                         ; Off                ; Off                ;
; Extract Verilog State Machines                                             ; On                 ; On                 ;
; Extract VHDL State Machines                                                ; On                 ; On                 ;
; Ignore Verilog initial constructs                                          ; Off                ; Off                ;
; Iteration limit for constant Verilog loops                                 ; 5000               ; 5000               ;
; Iteration limit for non-constant Verilog loops                             ; 250                ; 250                ;
; Add Pass-Through Logic to Inferred RAMs                                    ; On                 ; On                 ;
; Infer RAMs from Raw Logic                                                  ; On                 ; On                 ;
; Parallel Synthesis                                                         ; On                 ; On                 ;
; DSP Block Balancing                                                        ; Auto               ; Auto               ;
; NOT Gate Push-Back                                                         ; On                 ; On                 ;
; Power-Up Don't Care                                                        ; On                 ; On                 ;
; Remove Redundant Logic Cells                                               ; Off                ; Off                ;
; Remove Duplicate Registers                                                 ; On                 ; On                 ;
; Ignore CARRY Buffers                                                       ; Off                ; Off                ;
; Ignore CASCADE Buffers                                                     ; Off                ; Off                ;
; Ignore GLOBAL Buffers                                                      ; Off                ; Off                ;
; Ignore ROW GLOBAL Buffers                                                  ; Off                ; Off                ;
; Ignore LCELL Buffers                                                       ; Off                ; Off                ;
; Ignore SOFT Buffers                                                        ; On                 ; On                 ;
; Limit AHDL Integers to 32 Bits                                             ; Off                ; Off                ;
; Optimization Technique                                                     ; Balanced           ; Balanced           ;
; Carry Chain Length                                                         ; 70                 ; 70                 ;
; Auto Carry Chains                                                          ; On                 ; On                 ;
; Auto Open-Drain Pins                                                       ; On                 ; On                 ;
; Perform WYSIWYG Primitive Resynthesis                                      ; Off                ; Off                ;
; Auto ROM Replacement                                                       ; On                 ; On                 ;
; Auto RAM Replacement                                                       ; On                 ; On                 ;
; Auto DSP Block Replacement                                                 ; On                 ; On                 ;
; Auto Shift Register Replacement                                            ; Auto               ; Auto               ;
; Allow Shift Register Merging across Hierarchies                            ; Auto               ; Auto               ;
; Auto Clock Enable Replacement                                              ; On                 ; On                 ;
; Strict RAM Replacement                                                     ; Off                ; Off                ;
; Allow Synchronous Control Signals                                          ; On                 ; On                 ;
; Force Use of Synchronous Clear Signals                                     ; Off                ; Off                ;
; Auto RAM Block Balancing                                                   ; On                 ; On                 ;
; Auto RAM to Logic Cell Conversion                                          ; Off                ; Off                ;
; Auto Resource Sharing                                                      ; Off                ; Off                ;
; Allow Any RAM Size For Recognition                                         ; Off                ; Off                ;
; Allow Any ROM Size For Recognition                                         ; Off                ; Off                ;
; Allow Any Shift Register Size For Recognition                              ; Off                ; Off                ;
; Use LogicLock Constraints during Resource Balancing                        ; On                 ; On                 ;
; Ignore translate_off and synthesis_off directives                          ; Off                ; Off                ;
; Timing-Driven Synthesis                                                    ; On                 ; On                 ;
; Report Parameter Settings                                                  ; On                 ; On                 ;
; Report Source Assignments                                                  ; On                 ; On                 ;
; Report Connectivity Checks                                                 ; On                 ; On                 ;
; Ignore Maximum Fan-Out Assignments                                         ; Off                ; Off                ;
; Synchronization Register Chain Length                                      ; 2                  ; 2                  ;
; PowerPlay Power Optimization During Synthesis                              ; Normal compilation ; Normal compilation ;
; HDL message level                                                          ; Level2             ; Level2             ;
; Suppress Register Optimization Related Messages                            ; Off                ; Off                ;
; Number of Removed Registers Reported in Synthesis Report                   ; 5000               ; 5000               ;
; Number of Swept Nodes Reported in Synthesis Report                         ; 5000               ; 5000               ;
; Number of Inverted Registers Reported in Synthesis Report                  ; 100                ; 100                ;
; Clock MUX Protection                                                       ; On                 ; On                 ;
; Auto Gated Clock Conversion                                                ; Off                ; Off                ;
; Block Design Naming                                                        ; Auto               ; Auto               ;
; SDC constraint protection                                                  ; Off                ; Off                ;
; Synthesis Effort                                                           ; Auto               ; Auto               ;
; Shift Register Replacement - Allow Asynchronous Clear Signal               ; On                 ; On                 ;
; Pre-Mapping Resynthesis Optimization                                       ; Off                ; Off                ;
; Analysis & Synthesis Message Level                                         ; Medium             ; Medium             ;
; Disable Register Merging Across Hierarchies                                ; Auto               ; Auto               ;
; Resource Aware Inference For Block RAM                                     ; On                 ; On                 ;
; Synthesis Seed                                                             ; 1                  ; 1                  ;
+----------------------------------------------------------------------------+--------------------+--------------------+


+------------------------------------------+
; Parallel Compilation                     ;
+----------------------------+-------------+
; Processors                 ; Number      ;
+----------------------------+-------------+
; Number detected on machine ; 8           ;
; Maximum allowed            ; 4           ;
;                            ;             ;
; Average used               ; 1.00        ;
; Maximum used               ; 4           ;
;                            ;             ;
; Usage by Processor         ; % Time Used ;
;     Processor 1            ; 100.0%      ;
;     Processors 2-4         ; < 0.1%      ;
+----------------------------+-------------+


+---------------------------------------------------------------------------------------------------------------------------------------------------------+
; Analysis & Synthesis Source Files Read                                                                                                                  ;
+----------------------------------+-----------------+------------------------------------+-----------------------------------------------------+---------+
; File Name with User-Entered Path ; Used in Netlist ; File Type                          ; File Name with Absolute Path                        ; Library ;
+----------------------------------+-----------------+------------------------------------+-----------------------------------------------------+---------+
; static_8.vhd                     ; yes             ; User VHDL File                     ; C:/Users/owner/Desktop/DecoderRS/static_8.vhd       ;         ;
; static_4.vhd                     ; yes             ; User VHDL File                     ; C:/Users/owner/Desktop/DecoderRS/static_4.vhd       ;         ;
; static_2.vhd                     ; yes             ; User VHDL File                     ; C:/Users/owner/Desktop/DecoderRS/static_2.vhd       ;         ;
; static_1.vhd                     ; yes             ; User VHDL File                     ; C:/Users/owner/Desktop/DecoderRS/static_1.vhd       ;         ;
; RSSyndromeCalc.bdf               ; yes             ; User Block Diagram/Schematic File  ; C:/Users/owner/Desktop/DecoderRS/RSSyndromeCalc.bdf ;         ;
; register4b.vhd                   ; yes             ; User VHDL File                     ; C:/Users/owner/Desktop/DecoderRS/register4b.vhd     ;         ;
; gf_sum.vhd                       ; yes             ; User VHDL File                     ; C:/Users/owner/Desktop/DecoderRS/gf_sum.vhd         ;         ;
; gf_mult.vhd                      ; yes             ; User VHDL File                     ; C:/Users/owner/Desktop/DecoderRS/gf_mult.vhd        ;         ;
+----------------------------------+-----------------+------------------------------------+-----------------------------------------------------+---------+


+-----------------------------------------------------------+
; Analysis & Synthesis Resource Usage Summary               ;
+---------------------------------------------+-------------+
; Resource                                    ; Usage       ;
+---------------------------------------------+-------------+
; Estimated Total logic elements              ; 56          ;
;                                             ;             ;
; Total combinational functions               ; 56          ;
; Logic element usage by number of LUT inputs ;             ;
;     -- 4 input functions                    ; 34          ;
;     -- 3 input functions                    ; 0           ;
;     -- <=2 input functions                  ; 22          ;
;                                             ;             ;
; Logic elements by mode                      ;             ;
;     -- normal mode                          ; 56          ;
;     -- arithmetic mode                      ; 0           ;
;                                             ;             ;
; Total registers                             ; 16          ;
;     -- Dedicated logic registers            ; 16          ;
;     -- I/O registers                        ; 0           ;
;                                             ;             ;
; I/O pins                                    ; 22          ;
;                                             ;             ;
; Embedded Multiplier 9-bit elements          ; 0           ;
;                                             ;             ;
; Maximum fan-out node                        ; Clock~input ;
; Maximum fan-out                             ; 16          ;
; Total fan-out                               ; 266         ;
; Average fan-out                             ; 2.29        ;
+---------------------------------------------+-------------+


+-------------------------------------------------------------------------------------------------------------------------------------------------------------------------------------------+
; Analysis & Synthesis Resource Utilization by Entity                                                                                                                                       ;
+----------------------------+-------------------+--------------+-------------+--------------+---------+-----------+------+--------------+-----------------------------------+--------------+
; Compilation Hierarchy Node ; LC Combinationals ; LC Registers ; Memory Bits ; DSP Elements ; DSP 9x9 ; DSP 18x18 ; Pins ; Virtual Pins ; Full Hierarchy Name               ; Library Name ;
+----------------------------+-------------------+--------------+-------------+--------------+---------+-----------+------+--------------+-----------------------------------+--------------+
; |RSSyndromeCalc            ; 56 (0)            ; 16 (0)       ; 0           ; 0            ; 0       ; 0         ; 22   ; 0            ; |RSSyndromeCalc                   ; work         ;
;    |gf_mult:inst11|        ; 10 (10)           ; 0 (0)        ; 0           ; 0            ; 0       ; 0         ; 0    ; 0            ; |RSSyndromeCalc|gf_mult:inst11    ; work         ;
;    |gf_mult:inst12|        ; 10 (10)           ; 0 (0)        ; 0           ; 0            ; 0       ; 0         ; 0    ; 0            ; |RSSyndromeCalc|gf_mult:inst12    ; work         ;
;    |gf_mult:inst13|        ; 10 (10)           ; 0 (0)        ; 0           ; 0            ; 0       ; 0         ; 0    ; 0            ; |RSSyndromeCalc|gf_mult:inst13    ; work         ;
;    |gf_mult:inst14|        ; 10 (10)           ; 0 (0)        ; 0           ; 0            ; 0       ; 0         ; 0    ; 0            ; |RSSyndromeCalc|gf_mult:inst14    ; work         ;
;    |gf_sum:inst22|         ; 4 (4)             ; 0 (0)        ; 0           ; 0            ; 0       ; 0         ; 0    ; 0            ; |RSSyndromeCalc|gf_sum:inst22     ; work         ;
;    |gf_sum:inst23|         ; 4 (4)             ; 0 (0)        ; 0           ; 0            ; 0       ; 0         ; 0    ; 0            ; |RSSyndromeCalc|gf_sum:inst23     ; work         ;
;    |gf_sum:inst5|          ; 4 (4)             ; 0 (0)        ; 0           ; 0            ; 0       ; 0         ; 0    ; 0            ; |RSSyndromeCalc|gf_sum:inst5      ; work         ;
;    |gf_sum:inst6|          ; 4 (4)             ; 0 (0)        ; 0           ; 0            ; 0       ; 0         ; 0    ; 0            ; |RSSyndromeCalc|gf_sum:inst6      ; work         ;
;    |register4b:inst15|     ; 0 (0)             ; 4 (4)        ; 0           ; 0            ; 0       ; 0         ; 0    ; 0            ; |RSSyndromeCalc|register4b:inst15 ; work         ;
;    |register4b:inst19|     ; 0 (0)             ; 4 (4)        ; 0           ; 0            ; 0       ; 0         ; 0    ; 0            ; |RSSyndromeCalc|register4b:inst19 ; work         ;
;    |register4b:inst20|     ; 0 (0)             ; 4 (4)        ; 0           ; 0            ; 0       ; 0         ; 0    ; 0            ; |RSSyndromeCalc|register4b:inst20 ; work         ;
;    |register4b:inst21|     ; 0 (0)             ; 4 (4)        ; 0           ; 0            ; 0       ; 0         ; 0    ; 0            ; |RSSyndromeCalc|register4b:inst21 ; work         ;
+----------------------------+-------------------+--------------+-------------+--------------+---------+-----------+------+--------------+-----------------------------------+--------------+
Note: For table entries with two numbers listed, the numbers in parentheses indicate the number of resources of the given type used by the specific entity alone. The numbers listed outside of parentheses indicate the total resources of the given type used by the specific entity and all of its sub-entities in the hierarchy.


+----------------------------------------------------------------------------------------------------+
; User-Specified and Inferred Latches                                                                ;
+-----------------------------------------------------+---------------------+------------------------+
; Latch Name                                          ; Latch Enable Signal ; Free of Timing Hazards ;
+-----------------------------------------------------+---------------------+------------------------+
; gf_mult:inst11|o[3]                                 ; gf_mult:inst11|o[3] ; yes                    ;
; gf_mult:inst11|o[2]                                 ; gf_mult:inst11|o[3] ; yes                    ;
; gf_mult:inst11|o[1]                                 ; gf_mult:inst11|o[3] ; yes                    ;
; gf_mult:inst11|o[0]                                 ; gf_mult:inst11|o[3] ; yes                    ;
; gf_mult:inst12|o[3]                                 ; gf_mult:inst12|o[3] ; yes                    ;
; gf_mult:inst12|o[2]                                 ; gf_mult:inst12|o[3] ; yes                    ;
; gf_mult:inst12|o[1]                                 ; gf_mult:inst12|o[3] ; yes                    ;
; gf_mult:inst12|o[0]                                 ; gf_mult:inst12|o[3] ; yes                    ;
; gf_mult:inst13|o[3]                                 ; gf_mult:inst13|o[3] ; yes                    ;
; gf_mult:inst13|o[2]                                 ; gf_mult:inst13|o[3] ; yes                    ;
; gf_mult:inst13|o[1]                                 ; gf_mult:inst13|o[3] ; yes                    ;
; gf_mult:inst13|o[0]                                 ; gf_mult:inst13|o[3] ; yes                    ;
; gf_mult:inst14|o[3]                                 ; gf_mult:inst14|o[3] ; yes                    ;
; gf_mult:inst14|o[2]                                 ; gf_mult:inst14|o[3] ; yes                    ;
; gf_mult:inst14|o[1]                                 ; gf_mult:inst14|o[3] ; yes                    ;
; gf_mult:inst14|o[0]                                 ; gf_mult:inst14|o[3] ; yes                    ;
; Number of user-specified and inferred latches = 16  ;                     ;                        ;
+-----------------------------------------------------+---------------------+------------------------+
Note: All latches listed above may not be present at the end of synthesis due to various synthesis optimizations.


+------------------------------------------------------+
; General Register Statistics                          ;
+----------------------------------------------+-------+
; Statistic                                    ; Value ;
+----------------------------------------------+-------+
; Total registers                              ; 16    ;
; Number of registers using Synchronous Clear  ; 0     ;
; Number of registers using Synchronous Load   ; 0     ;
; Number of registers using Asynchronous Clear ; 16    ;
; Number of registers using Asynchronous Load  ; 0     ;
; Number of registers using Clock Enable       ; 0     ;
; Number of registers using Preset             ; 0     ;
+----------------------------------------------+-------+


+---------------------------------------------------------------------------------------------------------------------------------------------------+
; Multiplexer Restructuring Statistics (Restructuring Performed)                                                                                    ;
+--------------------+-----------+---------------+----------------------+------------------------+------------+-------------------------------------+
; Multiplexer Inputs ; Bus Width ; Baseline Area ; Area if Restructured ; Saving if Restructured ; Registered ; Example Multiplexer Output          ;
+--------------------+-----------+---------------+----------------------+------------------------+------------+-------------------------------------+
; 16:1               ; 2 bits    ; 20 LEs        ; 4 LEs                ; 16 LEs                 ; No         ; |RSSyndromeCalc|gf_mult:inst13|o[1] ;
; 16:1               ; 2 bits    ; 20 LEs        ; 6 LEs                ; 14 LEs                 ; No         ; |RSSyndromeCalc|gf_mult:inst14|o[1] ;
+--------------------+-----------+---------------+----------------------+------------------------+------------+-------------------------------------+


+-----------------------------------------------------+
; Post-Synthesis Netlist Statistics for Top Partition ;
+-----------------------+-----------------------------+
; Type                  ; Count                       ;
+-----------------------+-----------------------------+
; boundary_port         ; 22                          ;
; cycloneiii_ff         ; 16                          ;
;     CLR               ; 16                          ;
; cycloneiii_lcell_comb ; 56                          ;
;     normal            ; 56                          ;
;         2 data inputs ; 22                          ;
;         4 data inputs ; 34                          ;
;                       ;                             ;
; Max LUT depth         ; 2.00                        ;
; Average LUT depth     ; 1.57                        ;
+-----------------------+-----------------------------+


+-------------------------------+
; Elapsed Time Per Partition    ;
+----------------+--------------+
; Partition Name ; Elapsed Time ;
+----------------+--------------+
; Top            ; 00:00:03     ;
+----------------+--------------+


+-------------------------------+
; Analysis & Synthesis Messages ;
+-------------------------------+
Info: *******************************************************************
Info: Running Quartus Prime Analysis & Synthesis
    Info: Version 15.1.0 Build 185 10/21/2015 SJ Lite Edition
    Info: Processing started: Sun May 15 20:23:47 2016
Info: Command: quartus_map --read_settings_files=on --write_settings_files=off Decoder -c Decoder
Info (20030): Parallel compilation is enabled and will use 4 of the 4 processors detected
Info (12021): Found 2 design units, including 1 entities, in source file static_8.vhd
    Info (12022): Found design unit 1: static_8-behavior File: C:/Users/owner/Desktop/DecoderRS/static_8.vhd Line: 14
    Info (12023): Found entity 1: static_8 File: C:/Users/owner/Desktop/DecoderRS/static_8.vhd Line: 7
Info (12021): Found 2 design units, including 1 entities, in source file static_4.vhd
    Info (12022): Found design unit 1: static_4-behavior File: C:/Users/owner/Desktop/DecoderRS/static_4.vhd Line: 14
    Info (12023): Found entity 1: static_4 File: C:/Users/owner/Desktop/DecoderRS/static_4.vhd Line: 7
Info (12021): Found 2 design units, including 1 entities, in source file static_2.vhd
    Info (12022): Found design unit 1: static_2-behavior File: C:/Users/owner/Desktop/DecoderRS/static_2.vhd Line: 15
    Info (12023): Found entity 1: static_2 File: C:/Users/owner/Desktop/DecoderRS/static_2.vhd Line: 8
Info (12021): Found 2 design units, including 1 entities, in source file static_1.vhd
    Info (12022): Found design unit 1: static_1-behavior File: C:/Users/owner/Desktop/DecoderRS/static_1.vhd Line: 15
    Info (12023): Found entity 1: static_1 File: C:/Users/owner/Desktop/DecoderRS/static_1.vhd Line: 8
Info (12021): Found 1 design units, including 1 entities, in source file rssyndromecalc.bdf
    Info (12023): Found entity 1: RSSyndromeCalc
Info (12021): Found 2 design units, including 1 entities, in source file register4b.vhd
    Info (12022): Found design unit 1: register4b-description File: C:/Users/owner/Desktop/DecoderRS/register4b.vhd Line: 15
    Info (12023): Found entity 1: register4b File: C:/Users/owner/Desktop/DecoderRS/register4b.vhd Line: 6
Info (12021): Found 2 design units, including 1 entities, in source file gf_sum.vhd
    Info (12022): Found design unit 1: gf_sum-behavior File: C:/Users/owner/Desktop/DecoderRS/gf_sum.vhd Line: 17
    Info (12023): Found entity 1: gf_sum File: C:/Users/owner/Desktop/DecoderRS/gf_sum.vhd Line: 8
Info (12021): Found 2 design units, including 1 entities, in source file gf_mult.vhd
    Info (12022): Found design unit 1: gf_mult-lut File: C:/Users/owner/Desktop/DecoderRS/gf_mult.vhd Line: 13
    Info (12023): Found entity 1: gf_mult File: C:/Users/owner/Desktop/DecoderRS/gf_mult.vhd Line: 5
Info (12127): Elaborating entity "RSSyndromeCalc" for the top level hierarchy
Info (12128): Elaborating entity "register4b" for hierarchy "register4b:inst15"
Info (12128): Elaborating entity "gf_sum" for hierarchy "gf_sum:inst22"
Info (12128): Elaborating entity "gf_mult" for hierarchy "gf_mult:inst11"
Warning (10631): VHDL Process Statement warning at gf_mult.vhd(15): inferring latch(es) for signal or variable "o", which holds its previous value in one or more paths through the process File: C:/Users/owner/Desktop/DecoderRS/gf_mult.vhd Line: 15
Info (10041): Inferred latch for "o[0]" at gf_mult.vhd(15) File: C:/Users/owner/Desktop/DecoderRS/gf_mult.vhd Line: 15
Info (10041): Inferred latch for "o[1]" at gf_mult.vhd(15) File: C:/Users/owner/Desktop/DecoderRS/gf_mult.vhd Line: 15
Info (10041): Inferred latch for "o[2]" at gf_mult.vhd(15) File: C:/Users/owner/Desktop/DecoderRS/gf_mult.vhd Line: 15
Info (10041): Inferred latch for "o[3]" at gf_mult.vhd(15) File: C:/Users/owner/Desktop/DecoderRS/gf_mult.vhd Line: 15
Info (12128): Elaborating entity "static_1" for hierarchy "static_1:inst9"
Info (12128): Elaborating entity "static_2" for hierarchy "static_2:inst2"
Info (12128): Elaborating entity "static_4" for hierarchy "static_4:inst3"
Info (12128): Elaborating entity "static_8" for hierarchy "static_8:inst4"
Warning (13012): Latch gf_mult:inst11|o[3] has unsafe behavior File: C:/Users/owner/Desktop/DecoderRS/gf_mult.vhd Line: 15
    Warning (13013): Ports D and ENA on the latch are fed by the same signal register4b:inst15|q[0] File: C:/Users/owner/Desktop/DecoderRS/register4b.vhd Line: 20
    Warning (13013): Ports ENA and CLR on the latch are fed by the same signal register4b:inst15|q[0] File: C:/Users/owner/Desktop/DecoderRS/register4b.vhd Line: 20
Warning (13012): Latch gf_mult:inst11|o[2] has unsafe behavior File: C:/Users/owner/Desktop/DecoderRS/gf_mult.vhd Line: 15
    Warning (13013): Ports D and ENA on the latch are fed by the same signal register4b:inst15|q[0] File: C:/Users/owner/Desktop/DecoderRS/register4b.vhd Line: 20
    Warning (13013): Ports ENA and CLR on the latch are fed by the same signal register4b:inst15|q[0] File: C:/Users/owner/Desktop/DecoderRS/register4b.vhd Line: 20
Warning (13012): Latch gf_mult:inst11|o[1] has unsafe behavior File: C:/Users/owner/Desktop/DecoderRS/gf_mult.vhd Line: 15
    Warning (13013): Ports D and ENA on the latch are fed by the same signal register4b:inst15|q[0] File: C:/Users/owner/Desktop/DecoderRS/register4b.vhd Line: 20
    Warning (13013): Ports ENA and CLR on the latch are fed by the same signal register4b:inst15|q[0] File: C:/Users/owner/Desktop/DecoderRS/register4b.vhd Line: 20
Warning (13012): Latch gf_mult:inst11|o[0] has unsafe behavior File: C:/Users/owner/Desktop/DecoderRS/gf_mult.vhd Line: 15
    Warning (13013): Ports D and ENA on the latch are fed by the same signal register4b:inst15|q[0] File: C:/Users/owner/Desktop/DecoderRS/register4b.vhd Line: 20
    Warning (13013): Ports ENA and CLR on the latch are fed by the same signal register4b:inst15|q[0] File: C:/Users/owner/Desktop/DecoderRS/register4b.vhd Line: 20
Warning (13012): Latch gf_mult:inst12|o[3] has unsafe behavior File: C:/Users/owner/Desktop/DecoderRS/gf_mult.vhd Line: 15
    Warning (13013): Ports D and ENA on the latch are fed by the same signal register4b:inst19|q[0] File: C:/Users/owner/Desktop/DecoderRS/register4b.vhd Line: 20
    Warning (13013): Ports ENA and CLR on the latch are fed by the same signal register4b:inst19|q[0] File: C:/Users/owner/Desktop/DecoderRS/register4b.vhd Line: 20
Warning (13012): Latch gf_mult:inst12|o[2] has unsafe behavior File: C:/Users/owner/Desktop/DecoderRS/gf_mult.vhd Line: 15
    Warning (13013): Ports D and ENA on the latch are fed by the same signal register4b:inst19|q[0] File: C:/Users/owner/Desktop/DecoderRS/register4b.vhd Line: 20
    Warning (13013): Ports ENA and CLR on the latch are fed by the same signal register4b:inst19|q[0] File: C:/Users/owner/Desktop/DecoderRS/register4b.vhd Line: 20
Warning (13012): Latch gf_mult:inst12|o[1] has unsafe behavior File: C:/Users/owner/Desktop/DecoderRS/gf_mult.vhd Line: 15
    Warning (13013): Ports D and ENA on the latch are fed by the same signal register4b:inst19|q[3] File: C:/Users/owner/Desktop/DecoderRS/register4b.vhd Line: 20
    Warning (13013): Ports ENA and CLR on the latch are fed by the same signal register4b:inst19|q[0] File: C:/Users/owner/Desktop/DecoderRS/register4b.vhd Line: 20
Warning (13012): Latch gf_mult:inst12|o[0] has unsafe behavior File: C:/Users/owner/Desktop/DecoderRS/gf_mult.vhd Line: 15
    Warning (13013): Ports D and ENA on the latch are fed by the same signal register4b:inst19|q[0] File: C:/Users/owner/Desktop/DecoderRS/register4b.vhd Line: 20
    Warning (13013): Ports ENA and CLR on the latch are fed by the same signal register4b:inst19|q[0] File: C:/Users/owner/Desktop/DecoderRS/register4b.vhd Line: 20
Warning (13012): Latch gf_mult:inst13|o[3] has unsafe behavior File: C:/Users/owner/Desktop/DecoderRS/gf_mult.vhd Line: 15
    Warning (13013): Ports D and ENA on the latch are fed by the same signal register4b:inst20|q[0] File: C:/Users/owner/Desktop/DecoderRS/register4b.vhd Line: 20
    Warning (13013): Ports ENA and CLR on the latch are fed by the same signal register4b:inst20|q[0] File: C:/Users/owner/Desktop/DecoderRS/register4b.vhd Line: 20
Warning (13012): Latch gf_mult:inst13|o[2] has unsafe behavior File: C:/Users/owner/Desktop/DecoderRS/gf_mult.vhd Line: 15
    Warning (13013): Ports D and ENA on the latch are fed by the same signal register4b:inst20|q[3] File: C:/Users/owner/Desktop/DecoderRS/register4b.vhd Line: 20
    Warning (13013): Ports ENA and CLR on the latch are fed by the same signal register4b:inst20|q[0] File: C:/Users/owner/Desktop/DecoderRS/register4b.vhd Line: 20
Warning (13012): Latch gf_mult:inst13|o[1] has unsafe behavior File: C:/Users/owner/Desktop/DecoderRS/gf_mult.vhd Line: 15
    Warning (13013): Ports D and ENA on the latch are fed by the same signal register4b:inst20|q[3] File: C:/Users/owner/Desktop/DecoderRS/register4b.vhd Line: 20
    Warning (13013): Ports ENA and CLR on the latch are fed by the same signal register4b:inst20|q[0] File: C:/Users/owner/Desktop/DecoderRS/register4b.vhd Line: 20
Warning (13012): Latch gf_mult:inst13|o[0] has unsafe behavior File: C:/Users/owner/Desktop/DecoderRS/gf_mult.vhd Line: 15
    Warning (13013): Ports D and ENA on the latch are fed by the same signal register4b:inst20|q[3] File: C:/Users/owner/Desktop/DecoderRS/register4b.vhd Line: 20
    Warning (13013): Ports ENA and CLR on the latch are fed by the same signal register4b:inst20|q[0] File: C:/Users/owner/Desktop/DecoderRS/register4b.vhd Line: 20
Warning (13012): Latch gf_mult:inst14|o[3] has unsafe behavior File: C:/Users/owner/Desktop/DecoderRS/gf_mult.vhd Line: 15
    Warning (13013): Ports D and ENA on the latch are fed by the same signal register4b:inst21|q[3] File: C:/Users/owner/Desktop/DecoderRS/register4b.vhd Line: 20
    Warning (13013): Ports ENA and CLR on the latch are fed by the same signal register4b:inst21|q[0] File: C:/Users/owner/Desktop/DecoderRS/register4b.vhd Line: 20
Warning (13012): Latch gf_mult:inst14|o[2] has unsafe behavior File: C:/Users/owner/Desktop/DecoderRS/gf_mult.vhd Line: 15
    Warning (13013): Ports D and ENA on the latch are fed by the same signal register4b:inst21|q[3] File: C:/Users/owner/Desktop/DecoderRS/register4b.vhd Line: 20
    Warning (13013): Ports ENA and CLR on the latch are fed by the same signal register4b:inst21|q[0] File: C:/Users/owner/Desktop/DecoderRS/register4b.vhd Line: 20
Warning (13012): Latch gf_mult:inst14|o[1] has unsafe behavior File: C:/Users/owner/Desktop/DecoderRS/gf_mult.vhd Line: 15
    Warning (13013): Ports D and ENA on the latch are fed by the same signal register4b:inst21|q[2] File: C:/Users/owner/Desktop/DecoderRS/register4b.vhd Line: 20
    Warning (13013): Ports ENA and CLR on the latch are fed by the same signal register4b:inst21|q[0] File: C:/Users/owner/Desktop/DecoderRS/register4b.vhd Line: 20
Warning (13012): Latch gf_mult:inst14|o[0] has unsafe behavior File: C:/Users/owner/Desktop/DecoderRS/gf_mult.vhd Line: 15
    Warning (13013): Ports D and ENA on the latch are fed by the same signal register4b:inst21|q[1] File: C:/Users/owner/Desktop/DecoderRS/register4b.vhd Line: 20
    Warning (13013): Ports ENA and CLR on the latch are fed by the same signal register4b:inst21|q[0] File: C:/Users/owner/Desktop/DecoderRS/register4b.vhd Line: 20
Info (286030): Timing-Driven Synthesis is running
Info (16010): Generating hard_block partition "hard_block:auto_generated_inst"
    Info (16011): Adding 0 node(s), including 0 DDIO, 0 PLL, 0 transceiver and 0 LCELL
Info (21057): Implemented 78 device resources after synthesis - the final resource count might be different
    Info (21058): Implemented 6 input pins
    Info (21059): Implemented 16 output pins
    Info (21061): Implemented 56 logic cells
Info: Quartus Prime Analysis & Synthesis was successful. 0 errors, 49 warnings
    Info: Peak virtual memory: 853 megabytes
    Info: Processing ended: Sun May 15 20:24:39 2016
    Info: Elapsed time: 00:00:52
    Info: Total CPU time (on all processors): 00:02:09


