Flow report for Decoder
Sun May 15 20:26:52 2016
Quartus Prime Version 15.1.0 Build 185 10/21/2015 SJ Lite Edition


---------------------
; Table of Contents ;
---------------------
  1. Legal Notice
  2. Flow Summary
  3. Flow Settings
  4. Flow Non-Default Global Settings
  5. Flow Elapsed Time
  6. Flow OS Summary
  7. Flow Log
  8. Flow Messages
  9. Flow Suppressed Messages



----------------
; Legal Notice ;
----------------
Copyright (C) 1991-2015 Altera Corporation. All rights reserved.
Your use of Altera Corporation's design tools, logic functions 
and other software and tools, and its AMPP partner logic 
functions, and any output files from any of the foregoing 
(including device programming or simulation files), and any 
associated documentation or information are expressly subject 
to the terms and conditions of the Altera Program License 
Subscription Agreement, the Altera Quartus Prime License Agreement,
the Altera MegaCore Function License Agreement, or other 
applicable license agreement, including, without limitation, 
that your use is for the sole purpose of programming logic 
devices manufactured by Altera and sold by Altera or its 
authorized distributors.  Please refer to the applicable 
agreement for further details.



+----------------------------------------------------------------------------------+
; Flow Summary                                                                     ;
+------------------------------------+---------------------------------------------+
; Flow Status                        ; Successful - Sun May 15 20:26:52 2016       ;
; Quartus Prime Version              ; 15.1.0 Build 185 10/21/2015 SJ Lite Edition ;
; Revision Name                      ; Decoder                                     ;
; Top-level Entity Name              ; RSSyndromeCalc                              ;
; Family                             ; Cyclone IV E                                ;
; Device                             ; EP4CE40F23I7                                ;
; Timing Models                      ; Final                                       ;
; Total logic elements               ; 56 / 39,600 ( < 1 % )                       ;
;     Total combinational functions  ; 56 / 39,600 ( < 1 % )                       ;
;     Dedicated logic registers      ; 16 / 39,600 ( < 1 % )                       ;
; Total registers                    ; 16                                          ;
; Total pins                         ; 22 / 329 ( 7 % )                            ;
; Total virtual pins                 ; 0                                           ;
; Total memory bits                  ; 0 / 1,161,216 ( 0 % )                       ;
; Embedded Multiplier 9-bit elements ; 0 / 232 ( 0 % )                             ;
; Total PLLs                         ; 0 / 4 ( 0 % )                               ;
+------------------------------------+---------------------------------------------+


+-----------------------------------------+
; Flow Settings                           ;
+-------------------+---------------------+
; Option            ; Setting             ;
+-------------------+---------------------+
; Start date & time ; 05/15/2016 20:23:49 ;
; Main task         ; Compilation         ;
; Revision Name     ; Decoder             ;
+-------------------+---------------------+


+-------------------------------------------------------------------------------------------------------------------------------+
; Flow Non-Default Global Settings                                                                                              ;
+-------------------------------------+---------------------------------------+---------------+----------------+----------------+
; Assignment Name                     ; Value                                 ; Default Value ; Entity Name    ; Section Id     ;
+-------------------------------------+---------------------------------------+---------------+----------------+----------------+
; COMPILER_SIGNATURE_ID               ; 259854007429523.146335462909532       ; --            ; --             ; --             ;
; EDA_OUTPUT_DATA_FORMAT              ; Vhdl                                  ; --            ; --             ; eda_simulation ;
; EDA_SIMULATION_TOOL                 ; ModelSim-Altera (VHDL)                ; <None>        ; --             ; --             ;
; MAX_CORE_JUNCTION_TEMP              ; 100                                   ; --            ; --             ; --             ;
; MIN_CORE_JUNCTION_TEMP              ; -40                                   ; --            ; --             ; --             ;
; NOMINAL_CORE_SUPPLY_VOLTAGE         ; 1.2V                                  ; --            ; --             ; --             ;
; PARTITION_COLOR                     ; 16764057                              ; --            ; RSSyndromeCalc ; Top            ;
; PARTITION_FITTER_PRESERVATION_LEVEL ; PLACEMENT_AND_ROUTING                 ; --            ; RSSyndromeCalc ; Top            ;
; PARTITION_NETLIST_TYPE              ; SOURCE                                ; --            ; RSSyndromeCalc ; Top            ;
; POWER_BOARD_THERMAL_MODEL           ; None (CONSERVATIVE)                   ; --            ; --             ; --             ;
; POWER_PRESET_COOLING_SOLUTION       ; 23 MM HEAT SINK WITH 200 LFPM AIRFLOW ; --            ; --             ; --             ;
; PROJECT_OUTPUT_DIRECTORY            ; output_files                          ; --            ; --             ; --             ;
; TOP_LEVEL_ENTITY                    ; RSSyndromeCalc                        ; Decoder       ; --             ; --             ;
+-------------------------------------+---------------------------------------+---------------+----------------+----------------+


+-------------------------------------------------------------------------------------------------------------------------------+
; Flow Elapsed Time                                                                                                             ;
+---------------------------+--------------+-------------------------+---------------------+------------------------------------+
; Module Name               ; Elapsed Time ; Average Processors Used ; Peak Virtual Memory ; Total CPU Time (on all processors) ;
+---------------------------+--------------+-------------------------+---------------------+------------------------------------+
; Analysis & Synthesis      ; 00:00:52     ; 1.0                     ; 853 MB              ; 00:02:08                           ;
; Fitter                    ; 00:00:39     ; 1.0                     ; 1625 MB             ; 00:00:49                           ;
; Assembler                 ; 00:00:09     ; 1.0                     ; 714 MB              ; 00:00:09                           ;
; TimeQuest Timing Analyzer ; 00:00:11     ; 1.0                     ; 825 MB              ; 00:00:10                           ;
; EDA Netlist Writer        ; 00:00:04     ; 1.0                     ; 684 MB              ; 00:00:04                           ;
; Total                     ; 00:01:55     ; --                      ; --                  ; 00:03:20                           ;
+---------------------------+--------------+-------------------------+---------------------+------------------------------------+


+----------------------------------------------------------------------------------------+
; Flow OS Summary                                                                        ;
+---------------------------+------------------+-----------+------------+----------------+
; Module Name               ; Machine Hostname ; OS Name   ; OS Version ; Processor type ;
+---------------------------+------------------+-----------+------------+----------------+
; Analysis & Synthesis      ; owner-VAIO       ; Windows 7 ; 6.1        ; x86_64         ;
; Fitter                    ; owner-VAIO       ; Windows 7 ; 6.1        ; x86_64         ;
; Assembler                 ; owner-VAIO       ; Windows 7 ; 6.1        ; x86_64         ;
; TimeQuest Timing Analyzer ; owner-VAIO       ; Windows 7 ; 6.1        ; x86_64         ;
; EDA Netlist Writer        ; owner-VAIO       ; Windows 7 ; 6.1        ; x86_64         ;
+---------------------------+------------------+-----------+------------+----------------+


------------
; Flow Log ;
------------
quartus_map --read_settings_files=on --write_settings_files=off Decoder -c Decoder
quartus_fit --read_settings_files=off --write_settings_files=off Decoder -c Decoder
quartus_asm --read_settings_files=off --write_settings_files=off Decoder -c Decoder
quartus_sta Decoder -c Decoder
quartus_eda --read_settings_files=off --write_settings_files=off Decoder -c Decoder



