Flow report for RSDecoder
Thu Sep 22 02:29:10 2016
Quartus Prime Version 16.0.0 Build 211 04/27/2016 SJ Lite Edition


---------------------
; Table of Contents ;
---------------------
  1. Legal Notice
  2. Flow Summary
  3. Flow Settings
  4. Flow Non-Default Global Settings
  5. Flow Elapsed Time
  6. Flow OS Summary
  7. Flow Log
  8. Flow Messages
  9. Flow Suppressed Messages



----------------
; Legal Notice ;
----------------
Copyright (C) 1991-2016 Altera Corporation. All rights reserved.
Your use of Altera Corporation's design tools, logic functions 
and other software and tools, and its AMPP partner logic 
functions, and any output files from any of the foregoing 
(including device programming or simulation files), and any 
associated documentation or information are expressly subject 
to the terms and conditions of the Altera Program License 
Subscription Agreement, the Altera Quartus Prime License Agreement,
the Altera MegaCore Function License Agreement, or other 
applicable license agreement, including, without limitation, 
that your use is for the sole purpose of programming logic 
devices manufactured by Altera and sold by Altera or its 
authorized distributors.  Please refer to the applicable 
agreement for further details.



+----------------------------------------------------------------------------------+
; Flow Summary                                                                     ;
+------------------------------------+---------------------------------------------+
; Flow Status                        ; Successful - Thu Sep 22 02:29:10 2016       ;
; Quartus Prime Version              ; 16.0.0 Build 211 04/27/2016 SJ Lite Edition ;
; Revision Name                      ; RSDecoder                                   ;
; Top-level Entity Name              ; Syndrome                                    ;
; Family                             ; Cyclone IV E                                ;
; Device                             ; EP4CE30F23C8                                ;
; Timing Models                      ; Final                                       ;
; Total logic elements               ; 112 / 28,848 ( < 1 % )                      ;
;     Total combinational functions  ; 112 / 28,848 ( < 1 % )                      ;
;     Dedicated logic registers      ; 32 / 28,848 ( < 1 % )                       ;
; Total registers                    ; 32                                          ;
; Total pins                         ; 38 / 329 ( 12 % )                           ;
; Total virtual pins                 ; 0                                           ;
; Total memory bits                  ; 0 / 608,256 ( 0 % )                         ;
; Embedded Multiplier 9-bit elements ; 0 / 132 ( 0 % )                             ;
; Total PLLs                         ; 0 / 4 ( 0 % )                               ;
+------------------------------------+---------------------------------------------+


+-----------------------------------------+
; Flow Settings                           ;
+-------------------+---------------------+
; Option            ; Setting             ;
+-------------------+---------------------+
; Start date & time ; 09/22/2016 02:28:31 ;
; Main task         ; Compilation         ;
; Revision Name     ; RSDecoder           ;
+-------------------+---------------------+


+-------------------------------------------------------------------------------------------------------------------------------+
; Flow Non-Default Global Settings                                                                                              ;
+--------------------------------------+---------------------------------------+---------------+-------------+------------------+
; Assignment Name                      ; Value                                 ; Default Value ; Entity Name ; Section Id       ;
+--------------------------------------+---------------------------------------+---------------+-------------+------------------+
; COMPILER_SIGNATURE_ID                ; 264705668682785.147452211106524       ; --            ; --          ; --               ;
; EDA_DESIGN_INSTANCE_NAME             ; NA                                    ; --            ; --          ; Syndrome_vhd_tst ;
; EDA_NATIVELINK_SIMULATION_TEST_BENCH ; Syndrome_vhd_tst                      ; --            ; --          ; eda_simulation   ;
; EDA_OUTPUT_DATA_FORMAT               ; Vhdl                                  ; --            ; --          ; eda_simulation   ;
; EDA_SIMULATION_TOOL                  ; ModelSim-Altera (VHDL)                ; <None>        ; --          ; --               ;
; EDA_TEST_BENCH_ENABLE_STATUS         ; TEST_BENCH_MODE                       ; --            ; --          ; eda_simulation   ;
; EDA_TEST_BENCH_FILE                  ; simulation/modelsim/Syndrome.vht      ; --            ; --          ; Syndrome_vhd_tst ;
; EDA_TEST_BENCH_MODULE_NAME           ; Syndrome                              ; --            ; --          ; Syndrome_vhd_tst ;
; EDA_TEST_BENCH_NAME                  ; Syndrome_vhd_tst                      ; --            ; --          ; eda_simulation   ;
; EDA_TEST_BENCH_RUN_SIM_FOR           ; 100 us                                ; --            ; --          ; Syndrome_vhd_tst ;
; MAX_CORE_JUNCTION_TEMP               ; 85                                    ; --            ; --          ; --               ;
; MIN_CORE_JUNCTION_TEMP               ; 0                                     ; --            ; --          ; --               ;
; PARTITION_COLOR                      ; 16764057                              ; --            ; Syndrome    ; Top              ;
; PARTITION_FITTER_PRESERVATION_LEVEL  ; PLACEMENT_AND_ROUTING                 ; --            ; Syndrome    ; Top              ;
; PARTITION_NETLIST_TYPE               ; SOURCE                                ; --            ; Syndrome    ; Top              ;
; POWER_BOARD_THERMAL_MODEL            ; None (CONSERVATIVE)                   ; --            ; --          ; --               ;
; POWER_PRESET_COOLING_SOLUTION        ; 23 MM HEAT SINK WITH 200 LFPM AIRFLOW ; --            ; --          ; --               ;
; PROJECT_OUTPUT_DIRECTORY             ; output_files                          ; --            ; --          ; --               ;
; TOP_LEVEL_ENTITY                     ; Syndrome                              ; RSDecoder     ; --          ; --               ;
+--------------------------------------+---------------------------------------+---------------+-------------+------------------+


+-------------------------------------------------------------------------------------------------------------------------------+
; Flow Elapsed Time                                                                                                             ;
+---------------------------+--------------+-------------------------+---------------------+------------------------------------+
; Module Name               ; Elapsed Time ; Average Processors Used ; Peak Virtual Memory ; Total CPU Time (on all processors) ;
+---------------------------+--------------+-------------------------+---------------------+------------------------------------+
; Analysis & Synthesis      ; 00:00:15     ; 1.0                     ; 915 MB              ; 00:00:34                           ;
; Fitter                    ; 00:00:13     ; 1.0                     ; 1714 MB             ; 00:00:16                           ;
; Assembler                 ; 00:00:02     ; 1.0                     ; 779 MB              ; 00:00:02                           ;
; TimeQuest Timing Analyzer ; 00:00:04     ; 1.0                     ; 903 MB              ; 00:00:03                           ;
; EDA Netlist Writer        ; 00:00:01     ; 1.0                     ; 745 MB              ; 00:00:01                           ;
; Total                     ; 00:00:35     ; --                      ; --                  ; 00:00:56                           ;
+---------------------------+--------------+-------------------------+---------------------+------------------------------------+


+----------------------------------------------------------------------------------------+
; Flow OS Summary                                                                        ;
+---------------------------+------------------+-----------+------------+----------------+
; Module Name               ; Machine Hostname ; OS Name   ; OS Version ; Processor type ;
+---------------------------+------------------+-----------+------------+----------------+
; Analysis & Synthesis      ; owner-VAIO       ; Windows 8 ; 6.2        ; x86_64         ;
; Fitter                    ; owner-VAIO       ; Windows 8 ; 6.2        ; x86_64         ;
; Assembler                 ; owner-VAIO       ; Windows 8 ; 6.2        ; x86_64         ;
; TimeQuest Timing Analyzer ; owner-VAIO       ; Windows 8 ; 6.2        ; x86_64         ;
; EDA Netlist Writer        ; owner-VAIO       ; Windows 8 ; 6.2        ; x86_64         ;
+---------------------------+------------------+-----------+------------+----------------+


------------
; Flow Log ;
------------
quartus_map --read_settings_files=on --write_settings_files=off RSDecoder -c RSDecoder
quartus_fit --read_settings_files=off --write_settings_files=off RSDecoder -c RSDecoder
quartus_asm --read_settings_files=off --write_settings_files=off RSDecoder -c RSDecoder
quartus_sta RSDecoder -c RSDecoder
quartus_eda --read_settings_files=off --write_settings_files=off RSDecoder -c RSDecoder



