TimeQuest Timing Analyzer report for Interleaver
Tue Sep 06 23:15:49 2016
Quartus Prime Version 15.1.0 Build 185 10/21/2015 SJ Lite Edition


---------------------
; Table of Contents ;
---------------------
  1. Legal Notice
  2. TimeQuest Timing Analyzer Summary
  3. Parallel Compilation
  4. Clocks
  5. Slow 1000mV 100C Model Fmax Summary
  6. Timing Closure Recommendations
  7. Slow 1000mV 100C Model Setup Summary
  8. Slow 1000mV 100C Model Hold Summary
  9. Slow 1000mV 100C Model Recovery Summary
 10. Slow 1000mV 100C Model Removal Summary
 11. Slow 1000mV 100C Model Minimum Pulse Width Summary
 12. Slow 1000mV 100C Model Setup: 'current_s.s5'
 13. Slow 1000mV 100C Model Setup: 'clk'
 14. Slow 1000mV 100C Model Hold: 'clk'
 15. Slow 1000mV 100C Model Hold: 'current_s.s5'
 16. Slow 1000mV 100C Model Metastability Summary
 17. Slow 1000mV -40C Model Fmax Summary
 18. Slow 1000mV -40C Model Setup Summary
 19. Slow 1000mV -40C Model Hold Summary
 20. Slow 1000mV -40C Model Recovery Summary
 21. Slow 1000mV -40C Model Removal Summary
 22. Slow 1000mV -40C Model Minimum Pulse Width Summary
 23. Slow 1000mV -40C Model Setup: 'current_s.s5'
 24. Slow 1000mV -40C Model Setup: 'clk'
 25. Slow 1000mV -40C Model Hold: 'clk'
 26. Slow 1000mV -40C Model Hold: 'current_s.s5'
 27. Slow 1000mV -40C Model Metastability Summary
 28. Fast 1000mV -40C Model Setup Summary
 29. Fast 1000mV -40C Model Hold Summary
 30. Fast 1000mV -40C Model Recovery Summary
 31. Fast 1000mV -40C Model Removal Summary
 32. Fast 1000mV -40C Model Minimum Pulse Width Summary
 33. Fast 1000mV -40C Model Setup: 'current_s.s5'
 34. Fast 1000mV -40C Model Setup: 'clk'
 35. Fast 1000mV -40C Model Hold: 'clk'
 36. Fast 1000mV -40C Model Hold: 'current_s.s5'
 37. Fast 1000mV -40C Model Metastability Summary
 38. Multicorner Timing Analysis Summary
 39. Board Trace Model Assignments
 40. Input Transition Times
 41. Signal Integrity Metrics (Slow 1000mv n40c Model)
 42. Signal Integrity Metrics (Slow 1000mv 100c Model)
 43. Signal Integrity Metrics (Fast 1000mv n40c Model)
 44. Setup Transfers
 45. Hold Transfers
 46. Report TCCS
 47. Report RSKM
 48. Unconstrained Paths Summary
 49. Clock Status Summary
 50. Unconstrained Input Ports
 51. Unconstrained Output Ports
 52. Unconstrained Input Ports
 53. Unconstrained Output Ports
 54. TimeQuest Timing Analyzer Messages



----------------
; Legal Notice ;
----------------
Copyright (C) 1991-2015 Altera Corporation. All rights reserved.
Your use of Altera Corporation's design tools, logic functions 
and other software and tools, and its AMPP partner logic 
functions, and any output files from any of the foregoing 
(including device programming or simulation files), and any 
associated documentation or information are expressly subject 
to the terms and conditions of the Altera Program License 
Subscription Agreement, the Altera Quartus Prime License Agreement,
the Altera MegaCore Function License Agreement, or other 
applicable license agreement, including, without limitation, 
that your use is for the sole purpose of programming logic 
devices manufactured by Altera and sold by Altera or its 
authorized distributors.  Please refer to the applicable 
agreement for further details.



+-----------------------------------------------------------------------------+
; TimeQuest Timing Analyzer Summary                                           ;
+-----------------------+-----------------------------------------------------+
; Quartus Prime Version ; Version 15.1.0 Build 185 10/21/2015 SJ Lite Edition ;
; Timing Analyzer       ; TimeQuest                                           ;
; Revision Name         ; Interleaver                                         ;
; Device Family         ; Cyclone IV E                                        ;
; Device Name           ; EP4CE6F17I8L                                        ;
; Timing Models         ; Final                                               ;
; Delay Model           ; Combined                                            ;
; Rise/Fall Delays      ; Enabled                                             ;
+-----------------------+-----------------------------------------------------+


Parallel compilation was disabled, but you have multiple processors available. Enable parallel compilation to reduce compilation time.
+-------------------------------------+
; Parallel Compilation                ;
+----------------------------+--------+
; Processors                 ; Number ;
+----------------------------+--------+
; Number detected on machine ; 4      ;
; Maximum allowed            ; 1      ;
+----------------------------+--------+


+--------------------------------------------------------------------------------------------------------------------------------------------------------------------------------------------+
; Clocks                                                                                                                                                                                     ;
+--------------+------+--------+------------+-------+-------+------------+-----------+-------------+-------+--------+-----------+------------+----------+--------+--------+------------------+
; Clock Name   ; Type ; Period ; Frequency  ; Rise  ; Fall  ; Duty Cycle ; Divide by ; Multiply by ; Phase ; Offset ; Edge List ; Edge Shift ; Inverted ; Master ; Source ; Targets          ;
+--------------+------+--------+------------+-------+-------+------------+-----------+-------------+-------+--------+-----------+------------+----------+--------+--------+------------------+
; clk          ; Base ; 1.000  ; 1000.0 MHz ; 0.000 ; 0.500 ;            ;           ;             ;       ;        ;           ;            ;          ;        ;        ; { clk }          ;
; current_s.s5 ; Base ; 1.000  ; 1000.0 MHz ; 0.000 ; 0.500 ;            ;           ;             ;       ;        ;           ;            ;          ;        ;        ; { current_s.s5 } ;
+--------------+------+--------+------------+-------+-------+------------+-----------+-------------+-------+--------+-----------+------------+----------+--------+--------+------------------+


---------------------------------------
; Slow 1000mV 100C Model Fmax Summary ;
---------------------------------------
No paths to report.


----------------------------------
; Timing Closure Recommendations ;
----------------------------------
HTML report is unavailable in plain text report export.


+---------------------------------------+
; Slow 1000mV 100C Model Setup Summary  ;
+--------------+--------+---------------+
; Clock        ; Slack  ; End Point TNS ;
+--------------+--------+---------------+
; current_s.s5 ; -2.248 ; -5.398        ;
; clk          ; -0.283 ; -0.604        ;
+--------------+--------+---------------+


+--------------------------------------+
; Slow 1000mV 100C Model Hold Summary  ;
+--------------+-------+---------------+
; Clock        ; Slack ; End Point TNS ;
+--------------+-------+---------------+
; clk          ; 0.412 ; 0.000         ;
; current_s.s5 ; 1.142 ; 0.000         ;
+--------------+-------+---------------+


-------------------------------------------
; Slow 1000mV 100C Model Recovery Summary ;
-------------------------------------------
No paths to report.


------------------------------------------
; Slow 1000mV 100C Model Removal Summary ;
------------------------------------------
No paths to report.


+----------------------------------------------------+
; Slow 1000mV 100C Model Minimum Pulse Width Summary ;
+--------------+--------+----------------------------+
; Clock        ; Slack  ; End Point TNS              ;
+--------------+--------+----------------------------+
; clk          ; -3.000 ; -10.052                    ;
; current_s.s5 ; 0.390  ; 0.000                      ;
+--------------+--------+----------------------------+


+--------------------------------------------------------------------------------------------------------------+
; Slow 1000mV 100C Model Setup: 'current_s.s5'                                                                 ;
+--------+--------------+---------------+--------------+--------------+--------------+------------+------------+
; Slack  ; From Node    ; To Node       ; Launch Clock ; Latch Clock  ; Relationship ; Clock Skew ; Data Delay ;
+--------+--------------+---------------+--------------+--------------+--------------+------------+------------+
; -2.248 ; current_s.s2 ; next_s.s5_236 ; clk          ; current_s.s5 ; 1.000        ; -0.318     ; 1.696      ;
; -2.108 ; current_s.s1 ; next_s.s5_236 ; clk          ; current_s.s5 ; 1.000        ; -0.318     ; 1.556      ;
; -1.884 ; current_s.s0 ; next_s.s5_236 ; clk          ; current_s.s5 ; 1.000        ; -0.318     ; 1.332      ;
; -1.636 ; current_s.s1 ; next_s.s2_260 ; clk          ; current_s.s5 ; 1.000        ; -0.456     ; 1.316      ;
; -1.514 ; current_s.s1 ; next_s.s1_268 ; clk          ; current_s.s5 ; 1.000        ; -0.455     ; 1.057      ;
+--------+--------------+---------------+--------------+--------------+--------------+------------+------------+


+-------------------------------------------------------------------------------------------------------------+
; Slow 1000mV 100C Model Setup: 'clk'                                                                         ;
+--------+---------------+--------------+--------------+-------------+--------------+------------+------------+
; Slack  ; From Node     ; To Node      ; Launch Clock ; Latch Clock ; Relationship ; Clock Skew ; Data Delay ;
+--------+---------------+--------------+--------------+-------------+--------------+------------+------------+
; -0.283 ; next_s.s5_236 ; current_s.s5 ; current_s.s5 ; clk         ; 1.000        ; 0.111      ; 1.388      ;
; -0.176 ; next_s.s2_260 ; current_s.s2 ; current_s.s5 ; clk         ; 1.000        ; 0.256      ; 1.426      ;
; -0.145 ; next_s.s1_268 ; current_s.s1 ; current_s.s5 ; clk         ; 1.000        ; 0.255      ; 1.394      ;
+--------+---------------+--------------+--------------+-------------+--------------+------------+------------+


+------------------------------------------------------------------------------------------------------------+
; Slow 1000mV 100C Model Hold: 'clk'                                                                         ;
+-------+---------------+--------------+--------------+-------------+--------------+------------+------------+
; Slack ; From Node     ; To Node      ; Launch Clock ; Latch Clock ; Relationship ; Clock Skew ; Data Delay ;
+-------+---------------+--------------+--------------+-------------+--------------+------------+------------+
; 0.412 ; next_s.s1_268 ; current_s.s1 ; current_s.s5 ; clk         ; 0.000        ; 0.455      ; 1.138      ;
; 0.433 ; next_s.s2_260 ; current_s.s2 ; current_s.s5 ; clk         ; 0.000        ; 0.456      ; 1.160      ;
; 0.540 ; next_s.s5_236 ; current_s.s5 ; current_s.s5 ; clk         ; 0.000        ; 0.318      ; 1.129      ;
+-------+---------------+--------------+--------------+-------------+--------------+------------+------------+


+-------------------------------------------------------------------------------------------------------------+
; Slow 1000mV 100C Model Hold: 'current_s.s5'                                                                 ;
+-------+--------------+---------------+--------------+--------------+--------------+------------+------------+
; Slack ; From Node    ; To Node       ; Launch Clock ; Latch Clock  ; Relationship ; Clock Skew ; Data Delay ;
+-------+--------------+---------------+--------------+--------------+--------------+------------+------------+
; 1.142 ; current_s.s1 ; next_s.s1_268 ; clk          ; current_s.s5 ; 0.000        ; -0.255     ; 0.917      ;
; 1.298 ; current_s.s1 ; next_s.s2_260 ; clk          ; current_s.s5 ; 0.000        ; -0.256     ; 1.072      ;
; 1.310 ; current_s.s0 ; next_s.s5_236 ; clk          ; current_s.s5 ; 0.000        ; -0.111     ; 1.229      ;
; 1.426 ; current_s.s1 ; next_s.s5_236 ; clk          ; current_s.s5 ; 0.000        ; -0.111     ; 1.345      ;
; 1.523 ; current_s.s2 ; next_s.s5_236 ; clk          ; current_s.s5 ; 0.000        ; -0.111     ; 1.442      ;
+-------+--------------+---------------+--------------+--------------+--------------+------------+------------+


------------------------------------------------
; Slow 1000mV 100C Model Metastability Summary ;
------------------------------------------------
No synchronizer chains to report.


---------------------------------------
; Slow 1000mV -40C Model Fmax Summary ;
---------------------------------------
No paths to report.


+---------------------------------------+
; Slow 1000mV -40C Model Setup Summary  ;
+--------------+--------+---------------+
; Clock        ; Slack  ; End Point TNS ;
+--------------+--------+---------------+
; current_s.s5 ; -2.276 ; -5.547        ;
; clk          ; -0.075 ; -0.075        ;
+--------------+--------+---------------+


+--------------------------------------+
; Slow 1000mV -40C Model Hold Summary  ;
+--------------+-------+---------------+
; Clock        ; Slack ; End Point TNS ;
+--------------+-------+---------------+
; clk          ; 0.236 ; 0.000         ;
; current_s.s5 ; 1.247 ; 0.000         ;
+--------------+-------+---------------+


-------------------------------------------
; Slow 1000mV -40C Model Recovery Summary ;
-------------------------------------------
No paths to report.


------------------------------------------
; Slow 1000mV -40C Model Removal Summary ;
------------------------------------------
No paths to report.


+----------------------------------------------------+
; Slow 1000mV -40C Model Minimum Pulse Width Summary ;
+--------------+--------+----------------------------+
; Clock        ; Slack  ; End Point TNS              ;
+--------------+--------+----------------------------+
; clk          ; -3.000 ; -10.052                    ;
; current_s.s5 ; 0.388  ; 0.000                      ;
+--------------+--------+----------------------------+


+--------------------------------------------------------------------------------------------------------------+
; Slow 1000mV -40C Model Setup: 'current_s.s5'                                                                 ;
+--------+--------------+---------------+--------------+--------------+--------------+------------+------------+
; Slack  ; From Node    ; To Node       ; Launch Clock ; Latch Clock  ; Relationship ; Clock Skew ; Data Delay ;
+--------+--------------+---------------+--------------+--------------+--------------+------------+------------+
; -2.276 ; current_s.s2 ; next_s.s5_236 ; clk          ; current_s.s5 ; 1.000        ; -0.417     ; 1.658      ;
; -2.158 ; current_s.s1 ; next_s.s5_236 ; clk          ; current_s.s5 ; 1.000        ; -0.417     ; 1.540      ;
; -1.925 ; current_s.s0 ; next_s.s5_236 ; clk          ; current_s.s5 ; 1.000        ; -0.417     ; 1.307      ;
; -1.698 ; current_s.s1 ; next_s.s2_260 ; clk          ; current_s.s5 ; 1.000        ; -0.554     ; 1.300      ;
; -1.573 ; current_s.s1 ; next_s.s1_268 ; clk          ; current_s.s5 ; 1.000        ; -0.553     ; 1.066      ;
+--------+--------------+---------------+--------------+--------------+--------------+------------+------------+


+-------------------------------------------------------------------------------------------------------------+
; Slow 1000mV -40C Model Setup: 'clk'                                                                         ;
+--------+---------------+--------------+--------------+-------------+--------------+------------+------------+
; Slack  ; From Node     ; To Node      ; Launch Clock ; Latch Clock ; Relationship ; Clock Skew ; Data Delay ;
+--------+---------------+--------------+--------------+-------------+--------------+------------+------------+
; -0.075 ; next_s.s5_236 ; current_s.s5 ; current_s.s5 ; clk         ; 1.000        ; 0.227      ; 1.308      ;
; 0.034  ; next_s.s2_260 ; current_s.s2 ; current_s.s5 ; clk         ; 1.000        ; 0.369      ; 1.341      ;
; 0.060  ; next_s.s1_268 ; current_s.s1 ; current_s.s5 ; clk         ; 1.000        ; 0.368      ; 1.314      ;
+--------+---------------+--------------+--------------+-------------+--------------+------------+------------+


+------------------------------------------------------------------------------------------------------------+
; Slow 1000mV -40C Model Hold: 'clk'                                                                         ;
+-------+---------------+--------------+--------------+-------------+--------------+------------+------------+
; Slack ; From Node     ; To Node      ; Launch Clock ; Latch Clock ; Relationship ; Clock Skew ; Data Delay ;
+-------+---------------+--------------+--------------+-------------+--------------+------------+------------+
; 0.236 ; next_s.s1_268 ; current_s.s1 ; current_s.s5 ; clk         ; 0.000        ; 0.553      ; 1.080      ;
; 0.248 ; next_s.s2_260 ; current_s.s2 ; current_s.s5 ; clk         ; 0.000        ; 0.554      ; 1.093      ;
; 0.363 ; next_s.s5_236 ; current_s.s5 ; current_s.s5 ; clk         ; 0.000        ; 0.417      ; 1.071      ;
+-------+---------------+--------------+--------------+-------------+--------------+------------+------------+


+-------------------------------------------------------------------------------------------------------------+
; Slow 1000mV -40C Model Hold: 'current_s.s5'                                                                 ;
+-------+--------------+---------------+--------------+--------------+--------------+------------+------------+
; Slack ; From Node    ; To Node       ; Launch Clock ; Latch Clock  ; Relationship ; Clock Skew ; Data Delay ;
+-------+--------------+---------------+--------------+--------------+--------------+------------+------------+
; 1.247 ; current_s.s1 ; next_s.s1_268 ; clk          ; current_s.s5 ; 0.000        ; -0.368     ; 0.909      ;
; 1.383 ; current_s.s1 ; next_s.s2_260 ; clk          ; current_s.s5 ; 0.000        ; -0.369     ; 1.044      ;
; 1.399 ; current_s.s0 ; next_s.s5_236 ; clk          ; current_s.s5 ; 0.000        ; -0.227     ; 1.202      ;
; 1.509 ; current_s.s1 ; next_s.s5_236 ; clk          ; current_s.s5 ; 0.000        ; -0.227     ; 1.312      ;
; 1.590 ; current_s.s2 ; next_s.s5_236 ; clk          ; current_s.s5 ; 0.000        ; -0.227     ; 1.393      ;
+-------+--------------+---------------+--------------+--------------+--------------+------------+------------+


------------------------------------------------
; Slow 1000mV -40C Model Metastability Summary ;
------------------------------------------------
No synchronizer chains to report.


+---------------------------------------+
; Fast 1000mV -40C Model Setup Summary  ;
+--------------+--------+---------------+
; Clock        ; Slack  ; End Point TNS ;
+--------------+--------+---------------+
; current_s.s5 ; -0.795 ; -1.647        ;
; clk          ; 0.325  ; 0.000         ;
+--------------+--------+---------------+


+--------------------------------------+
; Fast 1000mV -40C Model Hold Summary  ;
+--------------+-------+---------------+
; Clock        ; Slack ; End Point TNS ;
+--------------+-------+---------------+
; clk          ; 0.156 ; 0.000         ;
; current_s.s5 ; 0.620 ; 0.000         ;
+--------------+-------+---------------+


-------------------------------------------
; Fast 1000mV -40C Model Recovery Summary ;
-------------------------------------------
No paths to report.


------------------------------------------
; Fast 1000mV -40C Model Removal Summary ;
------------------------------------------
No paths to report.


+----------------------------------------------------+
; Fast 1000mV -40C Model Minimum Pulse Width Summary ;
+--------------+--------+----------------------------+
; Clock        ; Slack  ; End Point TNS              ;
+--------------+--------+----------------------------+
; clk          ; -3.000 ; -10.052                    ;
; current_s.s5 ; 0.433  ; 0.000                      ;
+--------------+--------+----------------------------+


+--------------------------------------------------------------------------------------------------------------+
; Fast 1000mV -40C Model Setup: 'current_s.s5'                                                                 ;
+--------+--------------+---------------+--------------+--------------+--------------+------------+------------+
; Slack  ; From Node    ; To Node       ; Launch Clock ; Latch Clock  ; Relationship ; Clock Skew ; Data Delay ;
+--------+--------------+---------------+--------------+--------------+--------------+------------+------------+
; -0.795 ; current_s.s2 ; next_s.s5_236 ; clk          ; current_s.s5 ; 1.000        ; -0.206     ; 0.911      ;
; -0.720 ; current_s.s1 ; next_s.s5_236 ; clk          ; current_s.s5 ; 1.000        ; -0.206     ; 0.836      ;
; -0.594 ; current_s.s0 ; next_s.s5_236 ; clk          ; current_s.s5 ; 1.000        ; -0.206     ; 0.710      ;
; -0.460 ; current_s.s1 ; next_s.s2_260 ; clk          ; current_s.s5 ; 1.000        ; -0.276     ; 0.705      ;
; -0.392 ; current_s.s1 ; next_s.s1_268 ; clk          ; current_s.s5 ; 1.000        ; -0.275     ; 0.565      ;
+--------+--------------+---------------+--------------+--------------+--------------+------------+------------+


+------------------------------------------------------------------------------------------------------------+
; Fast 1000mV -40C Model Setup: 'clk'                                                                        ;
+-------+---------------+--------------+--------------+-------------+--------------+------------+------------+
; Slack ; From Node     ; To Node      ; Launch Clock ; Latch Clock ; Relationship ; Clock Skew ; Data Delay ;
+-------+---------------+--------------+--------------+-------------+--------------+------------+------------+
; 0.325 ; next_s.s5_236 ; current_s.s5 ; current_s.s5 ; clk         ; 1.000        ; 0.093      ; 0.753      ;
; 0.377 ; next_s.s2_260 ; current_s.s2 ; current_s.s5 ; clk         ; 1.000        ; 0.166      ; 0.774      ;
; 0.391 ; next_s.s1_268 ; current_s.s1 ; current_s.s5 ; clk         ; 1.000        ; 0.164      ; 0.758      ;
+-------+---------------+--------------+--------------+-------------+--------------+------------+------------+


+------------------------------------------------------------------------------------------------------------+
; Fast 1000mV -40C Model Hold: 'clk'                                                                         ;
+-------+---------------+--------------+--------------+-------------+--------------+------------+------------+
; Slack ; From Node     ; To Node      ; Launch Clock ; Latch Clock ; Relationship ; Clock Skew ; Data Delay ;
+-------+---------------+--------------+--------------+-------------+--------------+------------+------------+
; 0.156 ; next_s.s1_268 ; current_s.s1 ; current_s.s5 ; clk         ; 0.000        ; 0.275      ; 0.589      ;
; 0.162 ; next_s.s2_260 ; current_s.s2 ; current_s.s5 ; clk         ; 0.000        ; 0.276      ; 0.596      ;
; 0.220 ; next_s.s5_236 ; current_s.s5 ; current_s.s5 ; clk         ; 0.000        ; 0.206      ; 0.584      ;
+-------+---------------+--------------+--------------+-------------+--------------+------------+------------+


+-------------------------------------------------------------------------------------------------------------+
; Fast 1000mV -40C Model Hold: 'current_s.s5'                                                                 ;
+-------+--------------+---------------+--------------+--------------+--------------+------------+------------+
; Slack ; From Node    ; To Node       ; Launch Clock ; Latch Clock  ; Relationship ; Clock Skew ; Data Delay ;
+-------+--------------+---------------+--------------+--------------+--------------+------------+------------+
; 0.620 ; current_s.s1 ; next_s.s1_268 ; clk          ; current_s.s5 ; 0.000        ; -0.164     ; 0.486      ;
; 0.704 ; current_s.s1 ; next_s.s2_260 ; clk          ; current_s.s5 ; 0.000        ; -0.166     ; 0.568      ;
; 0.721 ; current_s.s0 ; next_s.s5_236 ; clk          ; current_s.s5 ; 0.000        ; -0.093     ; 0.658      ;
; 0.773 ; current_s.s1 ; next_s.s5_236 ; clk          ; current_s.s5 ; 0.000        ; -0.093     ; 0.710      ;
; 0.825 ; current_s.s2 ; next_s.s5_236 ; clk          ; current_s.s5 ; 0.000        ; -0.093     ; 0.762      ;
+-------+--------------+---------------+--------------+--------------+--------------+------------+------------+


------------------------------------------------
; Fast 1000mV -40C Model Metastability Summary ;
------------------------------------------------
No synchronizer chains to report.


+------------------------------------------------------------------------------+
; Multicorner Timing Analysis Summary                                          ;
+------------------+--------+-------+----------+---------+---------------------+
; Clock            ; Setup  ; Hold  ; Recovery ; Removal ; Minimum Pulse Width ;
+------------------+--------+-------+----------+---------+---------------------+
; Worst-case Slack ; -2.276 ; 0.156 ; N/A      ; N/A     ; -3.000              ;
;  clk             ; -0.283 ; 0.156 ; N/A      ; N/A     ; -3.000              ;
;  current_s.s5    ; -2.276 ; 0.620 ; N/A      ; N/A     ; 0.388               ;
; Design-wide TNS  ; -6.002 ; 0.0   ; 0.0      ; 0.0     ; -10.052             ;
;  clk             ; -0.604 ; 0.000 ; N/A      ; N/A     ; -10.052             ;
;  current_s.s5    ; -5.547 ; 0.000 ; N/A      ; N/A     ; 0.000               ;
+------------------+--------+-------+----------+---------+---------------------+


+------------------------------------------------------------------------------------------------------------------------------------------------------------------------------------------------------------------------------------------------------------------------------------------------------------------------------------------------------------------------------------------------------------------+
; Board Trace Model Assignments                                                                                                                                                                                                                                                                                                                                                                                    ;
+---------------+--------------+-------------------+-------------------------+-------------------------+---------------+---------------------+----------------+------------------+--------+------------------+------------------------+------------------------+--------------+---------------+-----------------+-------+---------------------+--------------------+---------------+-----------------+-------------+
; Pin           ; I/O Standard ; Near Tline Length ; Near Tline L per Length ; Near Tline C per Length ; Near Series R ; Near Differential R ; Near Pull-up R ; Near Pull-down R ; Near C ; Far Tline Length ; Far Tline L per Length ; Far Tline C per Length ; Far Series R ; Far Pull-up R ; Far Pull-down R ; Far C ; Termination Voltage ; Far Differential R ; EBD File Name ; EBD Signal Name ; EBD Far-end ;
+---------------+--------------+-------------------+-------------------------+-------------------------+---------------+---------------------+----------------+------------------+--------+------------------+------------------------+------------------------+--------------+---------------+-----------------+-------+---------------------+--------------------+---------------+-----------------+-------------+
; q[0]          ; 2.5 V        ; 0 in              ; 0 H/in                  ; 0 F/in                  ; short         ; -                   ; open           ; open             ; open   ; 0 in             ; 0 H/in                 ; 0 F/in                 ; short        ; open          ; open            ; open  ; 0 V                 ; -                  ; n/a           ; n/a             ; n/a         ;
; q[1]          ; 2.5 V        ; 0 in              ; 0 H/in                  ; 0 F/in                  ; short         ; -                   ; open           ; open             ; open   ; 0 in             ; 0 H/in                 ; 0 F/in                 ; short        ; open          ; open            ; open  ; 0 V                 ; -                  ; n/a           ; n/a             ; n/a         ;
; q[2]          ; 2.5 V        ; 0 in              ; 0 H/in                  ; 0 F/in                  ; short         ; -                   ; open           ; open             ; open   ; 0 in             ; 0 H/in                 ; 0 F/in                 ; short        ; open          ; open            ; open  ; 0 V                 ; -                  ; n/a           ; n/a             ; n/a         ;
; q[3]          ; 2.5 V        ; 0 in              ; 0 H/in                  ; 0 F/in                  ; short         ; -                   ; open           ; open             ; open   ; 0 in             ; 0 H/in                 ; 0 F/in                 ; short        ; open          ; open            ; open  ; 0 V                 ; -                  ; n/a           ; n/a             ; n/a         ;
; state[0]      ; 2.5 V        ; 0 in              ; 0 H/in                  ; 0 F/in                  ; short         ; -                   ; open           ; open             ; open   ; 0 in             ; 0 H/in                 ; 0 F/in                 ; short        ; open          ; open            ; open  ; 0 V                 ; -                  ; n/a           ; n/a             ; n/a         ;
; state[1]      ; 2.5 V        ; 0 in              ; 0 H/in                  ; 0 F/in                  ; short         ; -                   ; open           ; open             ; open   ; 0 in             ; 0 H/in                 ; 0 F/in                 ; short        ; open          ; open            ; open  ; 0 V                 ; -                  ; n/a           ; n/a             ; n/a         ;
; state[2]      ; 2.5 V        ; 0 in              ; 0 H/in                  ; 0 F/in                  ; short         ; -                   ; open           ; open             ; open   ; 0 in             ; 0 H/in                 ; 0 F/in                 ; short        ; open          ; open            ; open  ; 0 V                 ; -                  ; n/a           ; n/a             ; n/a         ;
; flushing      ; 2.5 V        ; 0 in              ; 0 H/in                  ; 0 F/in                  ; short         ; -                   ; open           ; open             ; open   ; 0 in             ; 0 H/in                 ; 0 F/in                 ; short        ; open          ; open            ; open  ; 0 V                 ; -                  ; n/a           ; n/a             ; n/a         ;
; finished      ; 2.5 V        ; 0 in              ; 0 H/in                  ; 0 F/in                  ; short         ; -                   ; open           ; open             ; open   ; 0 in             ; 0 H/in                 ; 0 F/in                 ; short        ; open          ; open            ; open  ; 0 V                 ; -                  ; n/a           ; n/a             ; n/a         ;
; ~ALTERA_DCLK~ ; 2.5 V        ; 0 in              ; 0 H/in                  ; 0 F/in                  ; short         ; -                   ; open           ; open             ; open   ; 0 in             ; 0 H/in                 ; 0 F/in                 ; short        ; open          ; open            ; open  ; 0 V                 ; -                  ; n/a           ; n/a             ; n/a         ;
; ~ALTERA_nCEO~ ; 2.5 V        ; 0 in              ; 0 H/in                  ; 0 F/in                  ; short         ; -                   ; open           ; open             ; open   ; 0 in             ; 0 H/in                 ; 0 F/in                 ; short        ; open          ; open            ; open  ; 0 V                 ; -                  ; n/a           ; n/a             ; n/a         ;
+---------------+--------------+-------------------+-------------------------+-------------------------+---------------+---------------------+----------------+------------------+--------+------------------+------------------------+------------------------+--------------+---------------+-----------------+-------+---------------------+--------------------+---------------+-----------------+-------------+


+----------------------------------------------------------------------------+
; Input Transition Times                                                     ;
+-------------------------+--------------+-----------------+-----------------+
; Pin                     ; I/O Standard ; 10-90 Rise Time ; 90-10 Fall Time ;
+-------------------------+--------------+-----------------+-----------------+
; depth[4]                ; 2.5 V        ; 2000 ps         ; 2000 ps         ;
; depth[5]                ; 2.5 V        ; 2000 ps         ; 2000 ps         ;
; depth[6]                ; 2.5 V        ; 2000 ps         ; 2000 ps         ;
; d[0]                    ; 2.5 V        ; 2000 ps         ; 2000 ps         ;
; d[1]                    ; 2.5 V        ; 2000 ps         ; 2000 ps         ;
; d[2]                    ; 2.5 V        ; 2000 ps         ; 2000 ps         ;
; d[3]                    ; 2.5 V        ; 2000 ps         ; 2000 ps         ;
; depth[0]                ; 2.5 V        ; 2000 ps         ; 2000 ps         ;
; depth[1]                ; 2.5 V        ; 2000 ps         ; 2000 ps         ;
; depth[2]                ; 2.5 V        ; 2000 ps         ; 2000 ps         ;
; depth[3]                ; 2.5 V        ; 2000 ps         ; 2000 ps         ;
; clk                     ; 2.5 V        ; 2000 ps         ; 2000 ps         ;
; enable                  ; 2.5 V        ; 2000 ps         ; 2000 ps         ;
; ~ALTERA_ASDO_DATA1~     ; 2.5 V        ; 2000 ps         ; 2000 ps         ;
; ~ALTERA_FLASH_nCE_nCSO~ ; 2.5 V        ; 2000 ps         ; 2000 ps         ;
; ~ALTERA_DATA0~          ; 2.5 V        ; 2000 ps         ; 2000 ps         ;
+-------------------------+--------------+-----------------+-----------------+


+--------------------------------------------------------------------------------------------------------------------------------------------------------------------------------------------------------------------------------------------------------------------------------------------------------------------------------------------------------------------------------------------------------------------------------------------------------------------------------------------------------------------------------------------------------------------------------------------------------------------------------------------------------------------------------------------+
; Signal Integrity Metrics (Slow 1000mv n40c Model)                                                                                                                                                                                                                                                                                                                                                                                                                                                                                                                                                                                                                                          ;
+---------------+--------------+---------------------+---------------------+------------------------------+------------------------------+---------------------+---------------------+--------------------------------------+--------------------------------------+-----------------------------+-----------------------------+----------------------------+----------------------------+-----------------------------+-----------------------------+--------------------+--------------------+-------------------------------------+-------------------------------------+----------------------------+----------------------------+---------------------------+---------------------------+
; Pin           ; I/O Standard ; Board Delay on Rise ; Board Delay on Fall ; Steady State Voh at FPGA Pin ; Steady State Vol at FPGA Pin ; Voh Max at FPGA Pin ; Vol Min at FPGA Pin ; Ringback Voltage on Rise at FPGA Pin ; Ringback Voltage on Fall at FPGA Pin ; 10-90 Rise Time at FPGA Pin ; 90-10 Fall Time at FPGA Pin ; Monotonic Rise at FPGA Pin ; Monotonic Fall at FPGA Pin ; Steady State Voh at Far-end ; Steady State Vol at Far-end ; Voh Max at Far-end ; Vol Min at Far-end ; Ringback Voltage on Rise at Far-end ; Ringback Voltage on Fall at Far-end ; 10-90 Rise Time at Far-end ; 90-10 Fall Time at Far-end ; Monotonic Rise at Far-end ; Monotonic Fall at Far-end ;
+---------------+--------------+---------------------+---------------------+------------------------------+------------------------------+---------------------+---------------------+--------------------------------------+--------------------------------------+-----------------------------+-----------------------------+----------------------------+----------------------------+-----------------------------+-----------------------------+--------------------+--------------------+-------------------------------------+-------------------------------------+----------------------------+----------------------------+---------------------------+---------------------------+
; q[0]          ; 2.5 V        ; 0 s                 ; 0 s                 ; 2.32 V                       ; 1.77e-09 V                   ; 2.4 V               ; -0.0298 V           ; 0.177 V                              ; 0.04 V                               ; 2.77e-10 s                  ; 3.05e-10 s                  ; Yes                        ; Yes                        ; 2.32 V                      ; 1.77e-09 V                  ; 2.4 V              ; -0.0298 V          ; 0.177 V                             ; 0.04 V                              ; 2.77e-10 s                 ; 3.05e-10 s                 ; Yes                       ; Yes                       ;
; q[1]          ; 2.5 V        ; 0 s                 ; 0 s                 ; 2.32 V                       ; 1.77e-09 V                   ; 2.4 V               ; -0.0298 V           ; 0.177 V                              ; 0.04 V                               ; 2.77e-10 s                  ; 3.05e-10 s                  ; Yes                        ; Yes                        ; 2.32 V                      ; 1.77e-09 V                  ; 2.4 V              ; -0.0298 V          ; 0.177 V                             ; 0.04 V                              ; 2.77e-10 s                 ; 3.05e-10 s                 ; Yes                       ; Yes                       ;
; q[2]          ; 2.5 V        ; 0 s                 ; 0 s                 ; 2.32 V                       ; 1.2e-09 V                    ; 2.4 V               ; -0.0221 V           ; 0.161 V                              ; 0.028 V                              ; 2.73e-10 s                  ; 2.88e-10 s                  ; Yes                        ; Yes                        ; 2.32 V                      ; 1.2e-09 V                   ; 2.4 V              ; -0.0221 V          ; 0.161 V                             ; 0.028 V                             ; 2.73e-10 s                 ; 2.88e-10 s                 ; Yes                       ; Yes                       ;
; q[3]          ; 2.5 V        ; 0 s                 ; 0 s                 ; 2.32 V                       ; 1.2e-09 V                    ; 2.4 V               ; -0.0202 V           ; 0.147 V                              ; 0.031 V                              ; 4.64e-10 s                  ; 4.26e-10 s                  ; No                         ; Yes                        ; 2.32 V                      ; 1.2e-09 V                   ; 2.4 V              ; -0.0202 V          ; 0.147 V                             ; 0.031 V                             ; 4.64e-10 s                 ; 4.26e-10 s                 ; No                        ; Yes                       ;
; state[0]      ; 2.5 V        ; 0 s                 ; 0 s                 ; 2.32 V                       ; 1.2e-09 V                    ; 2.4 V               ; -0.0221 V           ; 0.161 V                              ; 0.028 V                              ; 2.73e-10 s                  ; 2.88e-10 s                  ; Yes                        ; Yes                        ; 2.32 V                      ; 1.2e-09 V                   ; 2.4 V              ; -0.0221 V          ; 0.161 V                             ; 0.028 V                             ; 2.73e-10 s                 ; 2.88e-10 s                 ; Yes                       ; Yes                       ;
; state[1]      ; 2.5 V        ; 0 s                 ; 0 s                 ; 2.32 V                       ; 1.2e-09 V                    ; 2.4 V               ; -0.0202 V           ; 0.147 V                              ; 0.031 V                              ; 4.64e-10 s                  ; 4.26e-10 s                  ; No                         ; Yes                        ; 2.32 V                      ; 1.2e-09 V                   ; 2.4 V              ; -0.0202 V          ; 0.147 V                             ; 0.031 V                             ; 4.64e-10 s                 ; 4.26e-10 s                 ; No                        ; Yes                       ;
; state[2]      ; 2.5 V        ; 0 s                 ; 0 s                 ; 2.32 V                       ; 1.2e-09 V                    ; 2.4 V               ; -0.0202 V           ; 0.147 V                              ; 0.031 V                              ; 4.64e-10 s                  ; 4.26e-10 s                  ; No                         ; Yes                        ; 2.32 V                      ; 1.2e-09 V                   ; 2.4 V              ; -0.0202 V          ; 0.147 V                             ; 0.031 V                             ; 4.64e-10 s                 ; 4.26e-10 s                 ; No                        ; Yes                       ;
; flushing      ; 2.5 V        ; 0 s                 ; 0 s                 ; 2.32 V                       ; 1.2e-09 V                    ; 2.4 V               ; -0.0221 V           ; 0.161 V                              ; 0.028 V                              ; 2.73e-10 s                  ; 2.88e-10 s                  ; Yes                        ; Yes                        ; 2.32 V                      ; 1.2e-09 V                   ; 2.4 V              ; -0.0221 V          ; 0.161 V                             ; 0.028 V                             ; 2.73e-10 s                 ; 2.88e-10 s                 ; Yes                       ; Yes                       ;
; finished      ; 2.5 V        ; 0 s                 ; 0 s                 ; 2.32 V                       ; 1.77e-09 V                   ; 2.4 V               ; -0.0298 V           ; 0.177 V                              ; 0.04 V                               ; 2.77e-10 s                  ; 3.05e-10 s                  ; Yes                        ; Yes                        ; 2.32 V                      ; 1.77e-09 V                  ; 2.4 V              ; -0.0298 V          ; 0.177 V                             ; 0.04 V                              ; 2.77e-10 s                 ; 3.05e-10 s                 ; Yes                       ; Yes                       ;
; ~ALTERA_DCLK~ ; 2.5 V        ; 0 s                 ; 0 s                 ; 2.32 V                       ; 8.78e-10 V                   ; 2.4 V               ; -0.0686 V           ; 0.125 V                              ; 0.094 V                              ; 2.65e-10 s                  ; 2.36e-10 s                  ; Yes                        ; Yes                        ; 2.32 V                      ; 8.78e-10 V                  ; 2.4 V              ; -0.0686 V          ; 0.125 V                             ; 0.094 V                             ; 2.65e-10 s                 ; 2.36e-10 s                 ; Yes                       ; Yes                       ;
; ~ALTERA_nCEO~ ; 2.5 V        ; 0 s                 ; 0 s                 ; 2.32 V                       ; 1.6e-09 V                    ; 2.4 V               ; -0.0251 V           ; 0.127 V                              ; 0.069 V                              ; 4.5e-10 s                   ; 5.62e-10 s                  ; No                         ; Yes                        ; 2.32 V                      ; 1.6e-09 V                   ; 2.4 V              ; -0.0251 V          ; 0.127 V                             ; 0.069 V                             ; 4.5e-10 s                  ; 5.62e-10 s                 ; No                        ; Yes                       ;
+---------------+--------------+---------------------+---------------------+------------------------------+------------------------------+---------------------+---------------------+--------------------------------------+--------------------------------------+-----------------------------+-----------------------------+----------------------------+----------------------------+-----------------------------+-----------------------------+--------------------+--------------------+-------------------------------------+-------------------------------------+----------------------------+----------------------------+---------------------------+---------------------------+


+--------------------------------------------------------------------------------------------------------------------------------------------------------------------------------------------------------------------------------------------------------------------------------------------------------------------------------------------------------------------------------------------------------------------------------------------------------------------------------------------------------------------------------------------------------------------------------------------------------------------------------------------------------------------------------------------+
; Signal Integrity Metrics (Slow 1000mv 100c Model)                                                                                                                                                                                                                                                                                                                                                                                                                                                                                                                                                                                                                                          ;
+---------------+--------------+---------------------+---------------------+------------------------------+------------------------------+---------------------+---------------------+--------------------------------------+--------------------------------------+-----------------------------+-----------------------------+----------------------------+----------------------------+-----------------------------+-----------------------------+--------------------+--------------------+-------------------------------------+-------------------------------------+----------------------------+----------------------------+---------------------------+---------------------------+
; Pin           ; I/O Standard ; Board Delay on Rise ; Board Delay on Fall ; Steady State Voh at FPGA Pin ; Steady State Vol at FPGA Pin ; Voh Max at FPGA Pin ; Vol Min at FPGA Pin ; Ringback Voltage on Rise at FPGA Pin ; Ringback Voltage on Fall at FPGA Pin ; 10-90 Rise Time at FPGA Pin ; 90-10 Fall Time at FPGA Pin ; Monotonic Rise at FPGA Pin ; Monotonic Fall at FPGA Pin ; Steady State Voh at Far-end ; Steady State Vol at Far-end ; Voh Max at Far-end ; Vol Min at Far-end ; Ringback Voltage on Rise at Far-end ; Ringback Voltage on Fall at Far-end ; 10-90 Rise Time at Far-end ; 90-10 Fall Time at Far-end ; Monotonic Rise at Far-end ; Monotonic Fall at Far-end ;
+---------------+--------------+---------------------+---------------------+------------------------------+------------------------------+---------------------+---------------------+--------------------------------------+--------------------------------------+-----------------------------+-----------------------------+----------------------------+----------------------------+-----------------------------+-----------------------------+--------------------+--------------------+-------------------------------------+-------------------------------------+----------------------------+----------------------------+---------------------------+---------------------------+
; q[0]          ; 2.5 V        ; 0 s                 ; 0 s                 ; 2.32 V                       ; 2.18e-06 V                   ; 2.35 V              ; -0.0275 V           ; 0.112 V                              ; 0.049 V                              ; 4.57e-10 s                  ; 4.37e-10 s                  ; Yes                        ; Yes                        ; 2.32 V                      ; 2.18e-06 V                  ; 2.35 V             ; -0.0275 V          ; 0.112 V                             ; 0.049 V                             ; 4.57e-10 s                 ; 4.37e-10 s                 ; Yes                       ; Yes                       ;
; q[1]          ; 2.5 V        ; 0 s                 ; 0 s                 ; 2.32 V                       ; 2.18e-06 V                   ; 2.35 V              ; -0.0275 V           ; 0.112 V                              ; 0.049 V                              ; 4.57e-10 s                  ; 4.37e-10 s                  ; Yes                        ; Yes                        ; 2.32 V                      ; 2.18e-06 V                  ; 2.35 V             ; -0.0275 V          ; 0.112 V                             ; 0.049 V                             ; 4.57e-10 s                 ; 4.37e-10 s                 ; Yes                       ; Yes                       ;
; q[2]          ; 2.5 V        ; 0 s                 ; 0 s                 ; 2.32 V                       ; 1.47e-06 V                   ; 2.35 V              ; -0.0225 V           ; 0.1 V                                ; 0.039 V                              ; 4.46e-10 s                  ; 4.26e-10 s                  ; Yes                        ; Yes                        ; 2.32 V                      ; 1.47e-06 V                  ; 2.35 V             ; -0.0225 V          ; 0.1 V                               ; 0.039 V                             ; 4.46e-10 s                 ; 4.26e-10 s                 ; Yes                       ; Yes                       ;
; q[3]          ; 2.5 V        ; 0 s                 ; 0 s                 ; 2.32 V                       ; 1.47e-06 V                   ; 2.35 V              ; -0.0192 V           ; 0.108 V                              ; 0.045 V                              ; 6.53e-10 s                  ; 6.19e-10 s                  ; Yes                        ; Yes                        ; 2.32 V                      ; 1.47e-06 V                  ; 2.35 V             ; -0.0192 V          ; 0.108 V                             ; 0.045 V                             ; 6.53e-10 s                 ; 6.19e-10 s                 ; Yes                       ; Yes                       ;
; state[0]      ; 2.5 V        ; 0 s                 ; 0 s                 ; 2.32 V                       ; 1.47e-06 V                   ; 2.35 V              ; -0.0225 V           ; 0.1 V                                ; 0.039 V                              ; 4.46e-10 s                  ; 4.26e-10 s                  ; Yes                        ; Yes                        ; 2.32 V                      ; 1.47e-06 V                  ; 2.35 V             ; -0.0225 V          ; 0.1 V                               ; 0.039 V                             ; 4.46e-10 s                 ; 4.26e-10 s                 ; Yes                       ; Yes                       ;
; state[1]      ; 2.5 V        ; 0 s                 ; 0 s                 ; 2.32 V                       ; 1.47e-06 V                   ; 2.35 V              ; -0.0192 V           ; 0.108 V                              ; 0.045 V                              ; 6.53e-10 s                  ; 6.19e-10 s                  ; Yes                        ; Yes                        ; 2.32 V                      ; 1.47e-06 V                  ; 2.35 V             ; -0.0192 V          ; 0.108 V                             ; 0.045 V                             ; 6.53e-10 s                 ; 6.19e-10 s                 ; Yes                       ; Yes                       ;
; state[2]      ; 2.5 V        ; 0 s                 ; 0 s                 ; 2.32 V                       ; 1.47e-06 V                   ; 2.35 V              ; -0.0192 V           ; 0.108 V                              ; 0.045 V                              ; 6.53e-10 s                  ; 6.19e-10 s                  ; Yes                        ; Yes                        ; 2.32 V                      ; 1.47e-06 V                  ; 2.35 V             ; -0.0192 V          ; 0.108 V                             ; 0.045 V                             ; 6.53e-10 s                 ; 6.19e-10 s                 ; Yes                       ; Yes                       ;
; flushing      ; 2.5 V        ; 0 s                 ; 0 s                 ; 2.32 V                       ; 1.47e-06 V                   ; 2.35 V              ; -0.0225 V           ; 0.1 V                                ; 0.039 V                              ; 4.46e-10 s                  ; 4.26e-10 s                  ; Yes                        ; Yes                        ; 2.32 V                      ; 1.47e-06 V                  ; 2.35 V             ; -0.0225 V          ; 0.1 V                               ; 0.039 V                             ; 4.46e-10 s                 ; 4.26e-10 s                 ; Yes                       ; Yes                       ;
; finished      ; 2.5 V        ; 0 s                 ; 0 s                 ; 2.32 V                       ; 2.18e-06 V                   ; 2.35 V              ; -0.0275 V           ; 0.112 V                              ; 0.049 V                              ; 4.57e-10 s                  ; 4.37e-10 s                  ; Yes                        ; Yes                        ; 2.32 V                      ; 2.18e-06 V                  ; 2.35 V             ; -0.0275 V          ; 0.112 V                             ; 0.049 V                             ; 4.57e-10 s                 ; 4.37e-10 s                 ; Yes                       ; Yes                       ;
; ~ALTERA_DCLK~ ; 2.5 V        ; 0 s                 ; 0 s                 ; 2.32 V                       ; 1.18e-06 V                   ; 2.35 V              ; -0.0248 V           ; 0.076 V                              ; 0.049 V                              ; 4.18e-10 s                  ; 3.71e-10 s                  ; Yes                        ; Yes                        ; 2.32 V                      ; 1.18e-06 V                  ; 2.35 V             ; -0.0248 V          ; 0.076 V                             ; 0.049 V                             ; 4.18e-10 s                 ; 3.71e-10 s                 ; Yes                       ; Yes                       ;
; ~ALTERA_nCEO~ ; 2.5 V        ; 0 s                 ; 0 s                 ; 2.32 V                       ; 1.94e-06 V                   ; 2.35 V              ; -0.0163 V           ; 0.084 V                              ; 0.054 V                              ; 5.57e-10 s                  ; 7.93e-10 s                  ; Yes                        ; Yes                        ; 2.32 V                      ; 1.94e-06 V                  ; 2.35 V             ; -0.0163 V          ; 0.084 V                             ; 0.054 V                             ; 5.57e-10 s                 ; 7.93e-10 s                 ; Yes                       ; Yes                       ;
+---------------+--------------+---------------------+---------------------+------------------------------+------------------------------+---------------------+---------------------+--------------------------------------+--------------------------------------+-----------------------------+-----------------------------+----------------------------+----------------------------+-----------------------------+-----------------------------+--------------------+--------------------+-------------------------------------+-------------------------------------+----------------------------+----------------------------+---------------------------+---------------------------+


+--------------------------------------------------------------------------------------------------------------------------------------------------------------------------------------------------------------------------------------------------------------------------------------------------------------------------------------------------------------------------------------------------------------------------------------------------------------------------------------------------------------------------------------------------------------------------------------------------------------------------------------------------------------------------------------------+
; Signal Integrity Metrics (Fast 1000mv n40c Model)                                                                                                                                                                                                                                                                                                                                                                                                                                                                                                                                                                                                                                          ;
+---------------+--------------+---------------------+---------------------+------------------------------+------------------------------+---------------------+---------------------+--------------------------------------+--------------------------------------+-----------------------------+-----------------------------+----------------------------+----------------------------+-----------------------------+-----------------------------+--------------------+--------------------+-------------------------------------+-------------------------------------+----------------------------+----------------------------+---------------------------+---------------------------+
; Pin           ; I/O Standard ; Board Delay on Rise ; Board Delay on Fall ; Steady State Voh at FPGA Pin ; Steady State Vol at FPGA Pin ; Voh Max at FPGA Pin ; Vol Min at FPGA Pin ; Ringback Voltage on Rise at FPGA Pin ; Ringback Voltage on Fall at FPGA Pin ; 10-90 Rise Time at FPGA Pin ; 90-10 Fall Time at FPGA Pin ; Monotonic Rise at FPGA Pin ; Monotonic Fall at FPGA Pin ; Steady State Voh at Far-end ; Steady State Vol at Far-end ; Voh Max at Far-end ; Vol Min at Far-end ; Ringback Voltage on Rise at Far-end ; Ringback Voltage on Fall at Far-end ; 10-90 Rise Time at Far-end ; 90-10 Fall Time at Far-end ; Monotonic Rise at Far-end ; Monotonic Fall at Far-end ;
+---------------+--------------+---------------------+---------------------+------------------------------+------------------------------+---------------------+---------------------+--------------------------------------+--------------------------------------+-----------------------------+-----------------------------+----------------------------+----------------------------+-----------------------------+-----------------------------+--------------------+--------------------+-------------------------------------+-------------------------------------+----------------------------+----------------------------+---------------------------+---------------------------+
; q[0]          ; 2.5 V        ; 0 s                 ; 0 s                 ; 2.62 V                       ; 3.42e-09 V                   ; 2.75 V              ; -0.0579 V           ; 0.171 V                              ; 0.109 V                              ; 2.62e-10 s                  ; 2.4e-10 s                   ; Yes                        ; Yes                        ; 2.62 V                      ; 3.42e-09 V                  ; 2.75 V             ; -0.0579 V          ; 0.171 V                             ; 0.109 V                             ; 2.62e-10 s                 ; 2.4e-10 s                  ; Yes                       ; Yes                       ;
; q[1]          ; 2.5 V        ; 0 s                 ; 0 s                 ; 2.62 V                       ; 3.42e-09 V                   ; 2.75 V              ; -0.0579 V           ; 0.171 V                              ; 0.109 V                              ; 2.62e-10 s                  ; 2.4e-10 s                   ; Yes                        ; Yes                        ; 2.62 V                      ; 3.42e-09 V                  ; 2.75 V             ; -0.0579 V          ; 0.171 V                             ; 0.109 V                             ; 2.62e-10 s                 ; 2.4e-10 s                  ; Yes                       ; Yes                       ;
; q[2]          ; 2.5 V        ; 0 s                 ; 0 s                 ; 2.62 V                       ; 2.22e-09 V                   ; 2.76 V              ; -0.0499 V           ; 0.167 V                              ; 0.091 V                              ; 2.62e-10 s                  ; 2.34e-10 s                  ; No                         ; Yes                        ; 2.62 V                      ; 2.22e-09 V                  ; 2.76 V             ; -0.0499 V          ; 0.167 V                             ; 0.091 V                             ; 2.62e-10 s                 ; 2.34e-10 s                 ; No                        ; Yes                       ;
; q[3]          ; 2.5 V        ; 0 s                 ; 0 s                 ; 2.62 V                       ; 2.22e-09 V                   ; 2.73 V              ; -0.0256 V           ; 0.285 V                              ; 0.04 V                               ; 3e-10 s                     ; 3.56e-10 s                  ; No                         ; Yes                        ; 2.62 V                      ; 2.22e-09 V                  ; 2.73 V             ; -0.0256 V          ; 0.285 V                             ; 0.04 V                              ; 3e-10 s                    ; 3.56e-10 s                 ; No                        ; Yes                       ;
; state[0]      ; 2.5 V        ; 0 s                 ; 0 s                 ; 2.62 V                       ; 2.22e-09 V                   ; 2.76 V              ; -0.0499 V           ; 0.167 V                              ; 0.091 V                              ; 2.62e-10 s                  ; 2.34e-10 s                  ; No                         ; Yes                        ; 2.62 V                      ; 2.22e-09 V                  ; 2.76 V             ; -0.0499 V          ; 0.167 V                             ; 0.091 V                             ; 2.62e-10 s                 ; 2.34e-10 s                 ; No                        ; Yes                       ;
; state[1]      ; 2.5 V        ; 0 s                 ; 0 s                 ; 2.62 V                       ; 2.22e-09 V                   ; 2.73 V              ; -0.0256 V           ; 0.285 V                              ; 0.04 V                               ; 3e-10 s                     ; 3.56e-10 s                  ; No                         ; Yes                        ; 2.62 V                      ; 2.22e-09 V                  ; 2.73 V             ; -0.0256 V          ; 0.285 V                             ; 0.04 V                              ; 3e-10 s                    ; 3.56e-10 s                 ; No                        ; Yes                       ;
; state[2]      ; 2.5 V        ; 0 s                 ; 0 s                 ; 2.62 V                       ; 2.22e-09 V                   ; 2.73 V              ; -0.0256 V           ; 0.285 V                              ; 0.04 V                               ; 3e-10 s                     ; 3.56e-10 s                  ; No                         ; Yes                        ; 2.62 V                      ; 2.22e-09 V                  ; 2.73 V             ; -0.0256 V          ; 0.285 V                             ; 0.04 V                              ; 3e-10 s                    ; 3.56e-10 s                 ; No                        ; Yes                       ;
; flushing      ; 2.5 V        ; 0 s                 ; 0 s                 ; 2.62 V                       ; 2.22e-09 V                   ; 2.76 V              ; -0.0499 V           ; 0.167 V                              ; 0.091 V                              ; 2.62e-10 s                  ; 2.34e-10 s                  ; No                         ; Yes                        ; 2.62 V                      ; 2.22e-09 V                  ; 2.76 V             ; -0.0499 V          ; 0.167 V                             ; 0.091 V                             ; 2.62e-10 s                 ; 2.34e-10 s                 ; No                        ; Yes                       ;
; finished      ; 2.5 V        ; 0 s                 ; 0 s                 ; 2.62 V                       ; 3.42e-09 V                   ; 2.75 V              ; -0.0579 V           ; 0.171 V                              ; 0.109 V                              ; 2.62e-10 s                  ; 2.4e-10 s                   ; Yes                        ; Yes                        ; 2.62 V                      ; 3.42e-09 V                  ; 2.75 V             ; -0.0579 V          ; 0.171 V                             ; 0.109 V                             ; 2.62e-10 s                 ; 2.4e-10 s                  ; Yes                       ; Yes                       ;
; ~ALTERA_DCLK~ ; 2.5 V        ; 0 s                 ; 0 s                 ; 2.62 V                       ; 2.17e-09 V                   ; 2.78 V              ; -0.0934 V           ; 0.191 V                              ; 0.111 V                              ; 2.64e-10 s                  ; 1.98e-10 s                  ; No                         ; Yes                        ; 2.62 V                      ; 2.17e-09 V                  ; 2.78 V             ; -0.0934 V          ; 0.191 V                             ; 0.111 V                             ; 2.64e-10 s                 ; 1.98e-10 s                 ; No                        ; Yes                       ;
; ~ALTERA_nCEO~ ; 2.5 V        ; 0 s                 ; 0 s                 ; 2.62 V                       ; 2.9e-09 V                    ; 2.73 V              ; -0.0133 V           ; 0.23 V                               ; 0.032 V                              ; 2.9e-10 s                   ; 4.45e-10 s                  ; Yes                        ; Yes                        ; 2.62 V                      ; 2.9e-09 V                   ; 2.73 V             ; -0.0133 V          ; 0.23 V                              ; 0.032 V                             ; 2.9e-10 s                  ; 4.45e-10 s                 ; Yes                       ; Yes                       ;
+---------------+--------------+---------------------+---------------------+------------------------------+------------------------------+---------------------+---------------------+--------------------------------------+--------------------------------------+-----------------------------+-----------------------------+----------------------------+----------------------------+-----------------------------+-----------------------------+--------------------+--------------------+-------------------------------------+-------------------------------------+----------------------------+----------------------------+---------------------------+---------------------------+


+-------------------------------------------------------------------------+
; Setup Transfers                                                         ;
+--------------+--------------+----------+----------+----------+----------+
; From Clock   ; To Clock     ; RR Paths ; FR Paths ; RF Paths ; FF Paths ;
+--------------+--------------+----------+----------+----------+----------+
; current_s.s5 ; clk          ; 3        ; 0        ; 0        ; 0        ;
; clk          ; current_s.s5 ; 5        ; 0        ; 0        ; 0        ;
+--------------+--------------+----------+----------+----------+----------+
Entries labeled "false path" only account for clock-to-clock false paths and not path-based false paths. As a result, actual path counts may be lower than reported.


+-------------------------------------------------------------------------+
; Hold Transfers                                                          ;
+--------------+--------------+----------+----------+----------+----------+
; From Clock   ; To Clock     ; RR Paths ; FR Paths ; RF Paths ; FF Paths ;
+--------------+--------------+----------+----------+----------+----------+
; current_s.s5 ; clk          ; 3        ; 0        ; 0        ; 0        ;
; clk          ; current_s.s5 ; 5        ; 0        ; 0        ; 0        ;
+--------------+--------------+----------+----------+----------+----------+
Entries labeled "false path" only account for clock-to-clock false paths and not path-based false paths. As a result, actual path counts may be lower than reported.


---------------
; Report TCCS ;
---------------
No dedicated SERDES Transmitter circuitry present in device or used in design


---------------
; Report RSKM ;
---------------
No non-DPA dedicated SERDES Receiver circuitry present in device or used in design


+------------------------------------------------+
; Unconstrained Paths Summary                    ;
+---------------------------------+-------+------+
; Property                        ; Setup ; Hold ;
+---------------------------------+-------+------+
; Illegal Clocks                  ; 0     ; 0    ;
; Unconstrained Clocks            ; 0     ; 0    ;
; Unconstrained Input Ports       ; 1     ; 1    ;
; Unconstrained Input Port Paths  ; 4     ; 4    ;
; Unconstrained Output Ports      ; 3     ; 3    ;
; Unconstrained Output Port Paths ; 5     ; 5    ;
+---------------------------------+-------+------+


+--------------------------------------------------+
; Clock Status Summary                             ;
+--------------+--------------+------+-------------+
; Target       ; Clock        ; Type ; Status      ;
+--------------+--------------+------+-------------+
; clk          ; clk          ; Base ; Constrained ;
; current_s.s5 ; current_s.s5 ; Base ; Constrained ;
+--------------+--------------+------+-------------+


+---------------------------------------------------------------------------------------------------+
; Unconstrained Input Ports                                                                         ;
+------------+--------------------------------------------------------------------------------------+
; Input Port ; Comment                                                                              ;
+------------+--------------------------------------------------------------------------------------+
; enable     ; No input delay, min/max delays, false-path exceptions, or max skew assignments found ;
+------------+--------------------------------------------------------------------------------------+


+-----------------------------------------------------------------------------------------------------+
; Unconstrained Output Ports                                                                          ;
+-------------+---------------------------------------------------------------------------------------+
; Output Port ; Comment                                                                               ;
+-------------+---------------------------------------------------------------------------------------+
; state[0]    ; No output delay, min/max delays, false-path exceptions, or max skew assignments found ;
; state[1]    ; No output delay, min/max delays, false-path exceptions, or max skew assignments found ;
; state[2]    ; No output delay, min/max delays, false-path exceptions, or max skew assignments found ;
+-------------+---------------------------------------------------------------------------------------+


+---------------------------------------------------------------------------------------------------+
; Unconstrained Input Ports                                                                         ;
+------------+--------------------------------------------------------------------------------------+
; Input Port ; Comment                                                                              ;
+------------+--------------------------------------------------------------------------------------+
; enable     ; No input delay, min/max delays, false-path exceptions, or max skew assignments found ;
+------------+--------------------------------------------------------------------------------------+


+-----------------------------------------------------------------------------------------------------+
; Unconstrained Output Ports                                                                          ;
+-------------+---------------------------------------------------------------------------------------+
; Output Port ; Comment                                                                               ;
+-------------+---------------------------------------------------------------------------------------+
; state[0]    ; No output delay, min/max delays, false-path exceptions, or max skew assignments found ;
; state[1]    ; No output delay, min/max delays, false-path exceptions, or max skew assignments found ;
; state[2]    ; No output delay, min/max delays, false-path exceptions, or max skew assignments found ;
+-------------+---------------------------------------------------------------------------------------+


+------------------------------------+
; TimeQuest Timing Analyzer Messages ;
+------------------------------------+
Info: *******************************************************************
Info: Running Quartus Prime TimeQuest Timing Analyzer
    Info: Version 15.1.0 Build 185 10/21/2015 SJ Lite Edition
    Info: Processing started: Tue Sep 06 23:15:47 2016
Info: Command: quartus_sta Interleaver -c Interleaver
Info: qsta_default_script.tcl version: #1
Warning (20028): Parallel compilation is not licensed and has been disabled
Info (21077): Low junction temperature is -40 degrees C
Info (21077): High junction temperature is 100 degrees C
Warning (335093): TimeQuest Timing Analyzer is analyzing 3 combinational loops as latches.
Critical Warning (332012): Synopsys Design Constraints File file not found: 'Interleaver.sdc'. A Synopsys Design Constraints File is required by the TimeQuest Timing Analyzer to get proper timing constraints. Without it, the Compiler will not properly optimize the design.
Info (332142): No user constrained base clocks found in the design. Calling "derive_clocks -period 1.0"
Info (332105): Deriving Clocks
    Info (332105): create_clock -period 1.000 -name clk clk
    Info (332105): create_clock -period 1.000 -name current_s.s5 current_s.s5
Info (332143): No user constrained clock uncertainty found in the design. Calling "derive_clock_uncertainty"
Info (332123): Deriving Clock Uncertainty. Please refer to report_sdc in TimeQuest to see clock uncertainties.
Info: Found TIMEQUEST_REPORT_SCRIPT_INCLUDE_DEFAULT_ANALYSIS = ON
Info: Analyzing Slow 1000mV 100C Model
Info (332140): No fmax paths to report
Critical Warning (332148): Timing requirements not met
    Info (11105): For recommendations on closing timing, run Report Timing Closure Recommendations in the TimeQuest Timing Analyzer.
Info (332146): Worst-case setup slack is -2.248
    Info (332119):     Slack       End Point TNS Clock 
    Info (332119): ========= =================== =====================
    Info (332119):    -2.248              -5.398 current_s.s5 
    Info (332119):    -0.283              -0.604 clk 
Info (332146): Worst-case hold slack is 0.412
    Info (332119):     Slack       End Point TNS Clock 
    Info (332119): ========= =================== =====================
    Info (332119):     0.412               0.000 clk 
    Info (332119):     1.142               0.000 current_s.s5 
Info (332140): No Recovery paths to report
Info (332140): No Removal paths to report
Info (332146): Worst-case minimum pulse width slack is -3.000
    Info (332119):     Slack       End Point TNS Clock 
    Info (332119): ========= =================== =====================
    Info (332119):    -3.000             -10.052 clk 
    Info (332119):     0.390               0.000 current_s.s5 
Info: Analyzing Slow 1000mV -40C Model
Info (334003): Started post-fitting delay annotation
Info (334004): Delay annotation completed successfully
Info (332123): Deriving Clock Uncertainty. Please refer to report_sdc in TimeQuest to see clock uncertainties.
Info (332140): No fmax paths to report
Critical Warning (332148): Timing requirements not met
    Info (11105): For recommendations on closing timing, run Report Timing Closure Recommendations in the TimeQuest Timing Analyzer.
Info (332146): Worst-case setup slack is -2.276
    Info (332119):     Slack       End Point TNS Clock 
    Info (332119): ========= =================== =====================
    Info (332119):    -2.276              -5.547 current_s.s5 
    Info (332119):    -0.075              -0.075 clk 
Info (332146): Worst-case hold slack is 0.236
    Info (332119):     Slack       End Point TNS Clock 
    Info (332119): ========= =================== =====================
    Info (332119):     0.236               0.000 clk 
    Info (332119):     1.247               0.000 current_s.s5 
Info (332140): No Recovery paths to report
Info (332140): No Removal paths to report
Info (332146): Worst-case minimum pulse width slack is -3.000
    Info (332119):     Slack       End Point TNS Clock 
    Info (332119): ========= =================== =====================
    Info (332119):    -3.000             -10.052 clk 
    Info (332119):     0.388               0.000 current_s.s5 
Info: Analyzing Fast 1000mV -40C Model
Info (332123): Deriving Clock Uncertainty. Please refer to report_sdc in TimeQuest to see clock uncertainties.
Critical Warning (332148): Timing requirements not met
    Info (11105): For recommendations on closing timing, run Report Timing Closure Recommendations in the TimeQuest Timing Analyzer.
Info (332146): Worst-case setup slack is -0.795
    Info (332119):     Slack       End Point TNS Clock 
    Info (332119): ========= =================== =====================
    Info (332119):    -0.795              -1.647 current_s.s5 
    Info (332119):     0.325               0.000 clk 
Info (332146): Worst-case hold slack is 0.156
    Info (332119):     Slack       End Point TNS Clock 
    Info (332119): ========= =================== =====================
    Info (332119):     0.156               0.000 clk 
    Info (332119):     0.620               0.000 current_s.s5 
Info (332140): No Recovery paths to report
Info (332140): No Removal paths to report
Info (332146): Worst-case minimum pulse width slack is -3.000
    Info (332119):     Slack       End Point TNS Clock 
    Info (332119): ========= =================== =====================
    Info (332119):    -3.000             -10.052 clk 
    Info (332119):     0.433               0.000 current_s.s5 
Info (332102): Design is not fully constrained for setup requirements
Info (332102): Design is not fully constrained for hold requirements
Info: Quartus Prime TimeQuest Timing Analyzer was successful. 0 errors, 6 warnings
    Info: Peak virtual memory: 773 megabytes
    Info: Processing ended: Tue Sep 06 23:15:49 2016
    Info: Elapsed time: 00:00:02
    Info: Total CPU time (on all processors): 00:00:02


